{"@timestamp":"2024-08-04T16:34:35.7527991+08:00","level":"Warning","messageTemplate":"无法获取路由信息，因为节点：services/mqttServiceRoutes/，不存在。","message":"无法获取路由信息，因为节点：services/mqttServiceRoutes/，不存在。","fields":{"SourceContext":"Surging.Core.Consul.ConsulMqttServiceRouteManager","Application":"Sample"}}
{"@timestamp":"2024-08-04T16:34:38.4962994+08:00","level":"Information","messageTemplate":"{State:l}","message":"rtcp handler active {0}","fields":{"State":"rtcp handler active {0}","SourceContext":"Surging.Core.LiveStream.Runtime.Handler.RtpHandler","Application":"Sample"},"renderings":{"State":[{"Format":"l","Rendering":"rtcp handler active {0}"}]}}
{"@timestamp":"2024-08-04T16:34:38.4963048+08:00","level":"Information","messageTemplate":"{State:l}","message":"rtp handler active {0}","fields":{"State":"rtp handler active {0}","SourceContext":"Surging.Core.LiveStream.Runtime.Handler.RtpHandler","Application":"Sample"},"renderings":{"State":[{"Format":"l","Rendering":"rtp handler active {0}"}]}}
{"@timestamp":"2024-08-04T16:34:40.4066229+08:00","level":"Information","messageTemplate":"发现了以下服务：Kayak.IModuleServices.DeviceManage.IProductService,Kayak.IModuleServices.System.ISysDictionaryService,Kayak.IModuleServices.System.ISysOrganizationService,Kayak.IModuleServices.System.ISysUserService,Surging.Core.CPlatform.Module.IEchoService,Surging.Core.Consul.Internal.IHandlerService,Surging.Core.LiveStream.Runtime.ILiveRomtePublishService,Surging.Core.Protocol.Mqtt.Internal.Runtime.IMqttRomtePublishService。","message":"发现了以下服务：Kayak.IModuleServices.DeviceManage.IProductService,Kayak.IModuleServices.System.ISysDictionaryService,Kayak.IModuleServices.System.ISysOrganizationService,Kayak.IModuleServices.System.ISysUserService,Surging.Core.CPlatform.Module.IEchoService,Surging.Core.Consul.Internal.IHandlerService,Surging.Core.LiveStream.Runtime.ILiveRomtePublishService,Surging.Core.Protocol.Mqtt.Internal.Runtime.IMqttRomtePublishService。","fields":{"SourceContext":"Surging.Core.CPlatform.Runtime.Server.Implementation.ServiceDiscovery.Attributes.AttributeServiceEntryProvider","Application":"Sample"}}
{"@timestamp":"2024-08-04T16:35:09.5783751+08:00","level":"Warning","messageTemplate":"无法获取路由信息，因为节点：services/mqttServiceRoutes/，不存在。","message":"无法获取路由信息，因为节点：services/mqttServiceRoutes/，不存在。","fields":{"SourceContext":"Surging.Core.Consul.ConsulMqttServiceRouteManager","Application":"Sample"}}
{"@timestamp":"2024-08-04T16:35:12.2170352+08:00","level":"Information","messageTemplate":"{State:l}","message":"rtcp handler active {0}","fields":{"State":"rtcp handler active {0}","SourceContext":"Surging.Core.LiveStream.Runtime.Handler.RtpHandler","Application":"Sample"},"renderings":{"State":[{"Format":"l","Rendering":"rtcp handler active {0}"}]}}
{"@timestamp":"2024-08-04T16:35:12.2170352+08:00","level":"Information","messageTemplate":"{State:l}","message":"rtp handler active {0}","fields":{"State":"rtp handler active {0}","SourceContext":"Surging.Core.LiveStream.Runtime.Handler.RtpHandler","Application":"Sample"},"renderings":{"State":[{"Format":"l","Rendering":"rtp handler active {0}"}]}}
{"@timestamp":"2024-08-04T16:35:14.0184399+08:00","level":"Information","messageTemplate":"发现了以下服务：Kayak.IModuleServices.DeviceManage.IProductService,Kayak.IModuleServices.System.ISysDictionaryService,Kayak.IModuleServices.System.ISysOrganizationService,Kayak.IModuleServices.System.ISysUserService,Surging.Core.CPlatform.Module.IEchoService,Surging.Core.Consul.Internal.IHandlerService,Surging.Core.LiveStream.Runtime.ILiveRomtePublishService,Surging.Core.Protocol.Mqtt.Internal.Runtime.IMqttRomtePublishService。","message":"发现了以下服务：Kayak.IModuleServices.DeviceManage.IProductService,Kayak.IModuleServices.System.ISysDictionaryService,Kayak.IModuleServices.System.ISysOrganizationService,Kayak.IModuleServices.System.ISysUserService,Surging.Core.CPlatform.Module.IEchoService,Surging.Core.Consul.Internal.IHandlerService,Surging.Core.LiveStream.Runtime.ILiveRomtePublishService,Surging.Core.Protocol.Mqtt.Internal.Runtime.IMqttRomtePublishService。","fields":{"SourceContext":"Surging.Core.CPlatform.Runtime.Server.Implementation.ServiceDiscovery.Attributes.AttributeServiceEntryProvider","Application":"Sample"}}
{"@timestamp":"2024-08-04T16:36:06.9098064+08:00","level":"Information","messageTemplate":"缓存数据更新成功。","message":"缓存数据更新成功。","fields":{"SourceContext":"Surging.Core.Consul.ConsulServiceCacheManager","Application":"Sample"}}
{"@timestamp":"2024-08-04T16:37:06.8835489+08:00","level":"Information","messageTemplate":"缓存数据更新成功。","message":"缓存数据更新成功。","fields":{"SourceContext":"Surging.Core.Consul.ConsulServiceCacheManager","Application":"Sample"}}
{"@timestamp":"2024-08-04T16:38:06.9214341+08:00","level":"Information","messageTemplate":"缓存数据更新成功。","message":"缓存数据更新成功。","fields":{"SourceContext":"Surging.Core.Consul.ConsulServiceCacheManager","Application":"Sample"}}
{"@timestamp":"2024-08-04T16:39:06.9473320+08:00","level":"Information","messageTemplate":"缓存数据更新成功。","message":"缓存数据更新成功。","fields":{"SourceContext":"Surging.Core.Consul.ConsulServiceCacheManager","Application":"Sample"}}
{"@timestamp":"2024-08-04T16:40:06.8984444+08:00","level":"Information","messageTemplate":"缓存数据更新成功。","message":"缓存数据更新成功。","fields":{"SourceContext":"Surging.Core.Consul.ConsulServiceCacheManager","Application":"Sample"}}
{"@timestamp":"2024-08-04T16:41:06.9675804+08:00","level":"Information","messageTemplate":"缓存数据更新成功。","message":"缓存数据更新成功。","fields":{"SourceContext":"Surging.Core.Consul.ConsulServiceCacheManager","Application":"Sample"}}
{"@timestamp":"2024-08-04T16:42:06.9324160+08:00","level":"Information","messageTemplate":"缓存数据更新成功。","message":"缓存数据更新成功。","fields":{"SourceContext":"Surging.Core.Consul.ConsulServiceCacheManager","Application":"Sample"}}
{"@timestamp":"2024-08-04T16:43:06.9401924+08:00","level":"Information","messageTemplate":"缓存数据更新成功。","message":"缓存数据更新成功。","fields":{"SourceContext":"Surging.Core.Consul.ConsulServiceCacheManager","Application":"Sample"}}
{"@timestamp":"2024-08-04T16:44:07.0015173+08:00","level":"Information","messageTemplate":"缓存数据更新成功。","message":"缓存数据更新成功。","fields":{"SourceContext":"Surging.Core.Consul.ConsulServiceCacheManager","Application":"Sample"}}
{"@timestamp":"2024-08-04T16:45:06.9075814+08:00","level":"Information","messageTemplate":"缓存数据更新成功。","message":"缓存数据更新成功。","fields":{"SourceContext":"Surging.Core.Consul.ConsulServiceCacheManager","Application":"Sample"}}
{"@timestamp":"2024-08-04T16:46:06.9154433+08:00","level":"Information","messageTemplate":"缓存数据更新成功。","message":"缓存数据更新成功。","fields":{"SourceContext":"Surging.Core.Consul.ConsulServiceCacheManager","Application":"Sample"}}
{"@timestamp":"2024-08-04T16:47:06.9155684+08:00","level":"Information","messageTemplate":"缓存数据更新成功。","message":"缓存数据更新成功。","fields":{"SourceContext":"Surging.Core.Consul.ConsulServiceCacheManager","Application":"Sample"}}
{"@timestamp":"2024-08-04T16:48:06.9043772+08:00","level":"Information","messageTemplate":"缓存数据更新成功。","message":"缓存数据更新成功。","fields":{"SourceContext":"Surging.Core.Consul.ConsulServiceCacheManager","Application":"Sample"}}
{"@timestamp":"2024-08-04T16:49:07.0114827+08:00","level":"Information","messageTemplate":"缓存数据更新成功。","message":"缓存数据更新成功。","fields":{"SourceContext":"Surging.Core.Consul.ConsulServiceCacheManager","Application":"Sample"}}
{"@timestamp":"2024-08-04T16:50:06.9115421+08:00","level":"Information","messageTemplate":"缓存数据更新成功。","message":"缓存数据更新成功。","fields":{"SourceContext":"Surging.Core.Consul.ConsulServiceCacheManager","Application":"Sample"}}
{"@timestamp":"2024-08-04T16:51:06.9425403+08:00","level":"Information","messageTemplate":"缓存数据更新成功。","message":"缓存数据更新成功。","fields":{"SourceContext":"Surging.Core.Consul.ConsulServiceCacheManager","Application":"Sample"}}
{"@timestamp":"2024-08-04T16:52:06.9225520+08:00","level":"Information","messageTemplate":"缓存数据更新成功。","message":"缓存数据更新成功。","fields":{"SourceContext":"Surging.Core.Consul.ConsulServiceCacheManager","Application":"Sample"}}
{"@timestamp":"2024-08-04T16:53:06.9017328+08:00","level":"Information","messageTemplate":"缓存数据更新成功。","message":"缓存数据更新成功。","fields":{"SourceContext":"Surging.Core.Consul.ConsulServiceCacheManager","Application":"Sample"}}
{"@timestamp":"2024-08-04T16:54:06.9115435+08:00","level":"Information","messageTemplate":"缓存数据更新成功。","message":"缓存数据更新成功。","fields":{"SourceContext":"Surging.Core.Consul.ConsulServiceCacheManager","Application":"Sample"}}
{"@timestamp":"2024-08-04T16:55:06.9543883+08:00","level":"Information","messageTemplate":"缓存数据更新成功。","message":"缓存数据更新成功。","fields":{"SourceContext":"Surging.Core.Consul.ConsulServiceCacheManager","Application":"Sample"}}
{"@timestamp":"2024-08-04T16:56:06.9192183+08:00","level":"Information","messageTemplate":"缓存数据更新成功。","message":"缓存数据更新成功。","fields":{"SourceContext":"Surging.Core.Consul.ConsulServiceCacheManager","Application":"Sample"}}
{"@timestamp":"2024-08-04T16:57:06.9126039+08:00","level":"Information","messageTemplate":"缓存数据更新成功。","message":"缓存数据更新成功。","fields":{"SourceContext":"Surging.Core.Consul.ConsulServiceCacheManager","Application":"Sample"}}
{"@timestamp":"2024-08-04T16:58:06.9080810+08:00","level":"Information","messageTemplate":"缓存数据更新成功。","message":"缓存数据更新成功。","fields":{"SourceContext":"Surging.Core.Consul.ConsulServiceCacheManager","Application":"Sample"}}
{"@timestamp":"2024-08-04T16:59:06.9137229+08:00","level":"Information","messageTemplate":"缓存数据更新成功。","message":"缓存数据更新成功。","fields":{"SourceContext":"Surging.Core.Consul.ConsulServiceCacheManager","Application":"Sample"}}
{"@timestamp":"2024-08-04T17:00:06.8946229+08:00","level":"Information","messageTemplate":"缓存数据更新成功。","message":"缓存数据更新成功。","fields":{"SourceContext":"Surging.Core.Consul.ConsulServiceCacheManager","Application":"Sample"}}
{"@timestamp":"2024-08-04T17:01:06.9030074+08:00","level":"Information","messageTemplate":"缓存数据更新成功。","message":"缓存数据更新成功。","fields":{"SourceContext":"Surging.Core.Consul.ConsulServiceCacheManager","Application":"Sample"}}
{"@timestamp":"2024-08-04T17:02:06.9510654+08:00","level":"Information","messageTemplate":"缓存数据更新成功。","message":"缓存数据更新成功。","fields":{"SourceContext":"Surging.Core.Consul.ConsulServiceCacheManager","Application":"Sample"}}
{"@timestamp":"2024-08-04T17:03:06.9080609+08:00","level":"Information","messageTemplate":"缓存数据更新成功。","message":"缓存数据更新成功。","fields":{"SourceContext":"Surging.Core.Consul.ConsulServiceCacheManager","Application":"Sample"}}
{"@timestamp":"2024-08-04T17:04:06.9578549+08:00","level":"Information","messageTemplate":"缓存数据更新成功。","message":"缓存数据更新成功。","fields":{"SourceContext":"Surging.Core.Consul.ConsulServiceCacheManager","Application":"Sample"}}
{"@timestamp":"2024-08-04T17:05:06.8976636+08:00","level":"Information","messageTemplate":"缓存数据更新成功。","message":"缓存数据更新成功。","fields":{"SourceContext":"Surging.Core.Consul.ConsulServiceCacheManager","Application":"Sample"}}
{"@timestamp":"2024-08-04T17:06:06.9412385+08:00","level":"Information","messageTemplate":"缓存数据更新成功。","message":"缓存数据更新成功。","fields":{"SourceContext":"Surging.Core.Consul.ConsulServiceCacheManager","Application":"Sample"}}
{"@timestamp":"2024-08-04T17:07:06.9270385+08:00","level":"Information","messageTemplate":"缓存数据更新成功。","message":"缓存数据更新成功。","fields":{"SourceContext":"Surging.Core.Consul.ConsulServiceCacheManager","Application":"Sample"}}
{"@timestamp":"2024-08-04T17:08:06.9916479+08:00","level":"Information","messageTemplate":"缓存数据更新成功。","message":"缓存数据更新成功。","fields":{"SourceContext":"Surging.Core.Consul.ConsulServiceCacheManager","Application":"Sample"}}
{"@timestamp":"2024-08-04T17:09:06.8956231+08:00","level":"Information","messageTemplate":"缓存数据更新成功。","message":"缓存数据更新成功。","fields":{"SourceContext":"Surging.Core.Consul.ConsulServiceCacheManager","Application":"Sample"}}
{"@timestamp":"2024-08-04T17:10:06.9083409+08:00","level":"Information","messageTemplate":"缓存数据更新成功。","message":"缓存数据更新成功。","fields":{"SourceContext":"Surging.Core.Consul.ConsulServiceCacheManager","Application":"Sample"}}
{"@timestamp":"2024-08-04T17:11:06.9641733+08:00","level":"Information","messageTemplate":"缓存数据更新成功。","message":"缓存数据更新成功。","fields":{"SourceContext":"Surging.Core.Consul.ConsulServiceCacheManager","Application":"Sample"}}
{"@timestamp":"2024-08-04T17:12:06.9380386+08:00","level":"Information","messageTemplate":"缓存数据更新成功。","message":"缓存数据更新成功。","fields":{"SourceContext":"Surging.Core.Consul.ConsulServiceCacheManager","Application":"Sample"}}
{"@timestamp":"2024-08-04T17:13:06.9165188+08:00","level":"Information","messageTemplate":"缓存数据更新成功。","message":"缓存数据更新成功。","fields":{"SourceContext":"Surging.Core.Consul.ConsulServiceCacheManager","Application":"Sample"}}
{"@timestamp":"2024-08-04T17:14:06.9380694+08:00","level":"Information","messageTemplate":"缓存数据更新成功。","message":"缓存数据更新成功。","fields":{"SourceContext":"Surging.Core.Consul.ConsulServiceCacheManager","Application":"Sample"}}
{"@timestamp":"2024-08-04T17:15:06.9306060+08:00","level":"Information","messageTemplate":"缓存数据更新成功。","message":"缓存数据更新成功。","fields":{"SourceContext":"Surging.Core.Consul.ConsulServiceCacheManager","Application":"Sample"}}
{"@timestamp":"2024-08-04T17:16:06.9342422+08:00","level":"Information","messageTemplate":"缓存数据更新成功。","message":"缓存数据更新成功。","fields":{"SourceContext":"Surging.Core.Consul.ConsulServiceCacheManager","Application":"Sample"}}
{"@timestamp":"2024-08-04T17:17:06.9517912+08:00","level":"Information","messageTemplate":"缓存数据更新成功。","message":"缓存数据更新成功。","fields":{"SourceContext":"Surging.Core.Consul.ConsulServiceCacheManager","Application":"Sample"}}
{"@timestamp":"2024-08-04T17:18:06.8914168+08:00","level":"Information","messageTemplate":"缓存数据更新成功。","message":"缓存数据更新成功。","fields":{"SourceContext":"Surging.Core.Consul.ConsulServiceCacheManager","Application":"Sample"}}
{"@timestamp":"2024-08-04T17:19:06.9372092+08:00","level":"Information","messageTemplate":"缓存数据更新成功。","message":"缓存数据更新成功。","fields":{"SourceContext":"Surging.Core.Consul.ConsulServiceCacheManager","Application":"Sample"}}
{"@timestamp":"2024-08-04T17:20:06.9041035+08:00","level":"Information","messageTemplate":"缓存数据更新成功。","message":"缓存数据更新成功。","fields":{"SourceContext":"Surging.Core.Consul.ConsulServiceCacheManager","Application":"Sample"}}
{"@timestamp":"2024-08-04T17:21:06.9209508+08:00","level":"Information","messageTemplate":"缓存数据更新成功。","message":"缓存数据更新成功。","fields":{"SourceContext":"Surging.Core.Consul.ConsulServiceCacheManager","Application":"Sample"}}
{"@timestamp":"2024-08-04T17:22:06.9645812+08:00","level":"Information","messageTemplate":"缓存数据更新成功。","message":"缓存数据更新成功。","fields":{"SourceContext":"Surging.Core.Consul.ConsulServiceCacheManager","Application":"Sample"}}
{"@timestamp":"2024-08-04T17:23:06.9767754+08:00","level":"Information","messageTemplate":"缓存数据更新成功。","message":"缓存数据更新成功。","fields":{"SourceContext":"Surging.Core.Consul.ConsulServiceCacheManager","Application":"Sample"}}
{"@timestamp":"2024-08-04T17:24:06.9148043+08:00","level":"Information","messageTemplate":"缓存数据更新成功。","message":"缓存数据更新成功。","fields":{"SourceContext":"Surging.Core.Consul.ConsulServiceCacheManager","Application":"Sample"}}
{"@timestamp":"2024-08-04T17:25:06.9231771+08:00","level":"Information","messageTemplate":"缓存数据更新成功。","message":"缓存数据更新成功。","fields":{"SourceContext":"Surging.Core.Consul.ConsulServiceCacheManager","Application":"Sample"}}
{"@timestamp":"2024-08-04T17:26:06.9169738+08:00","level":"Information","messageTemplate":"缓存数据更新成功。","message":"缓存数据更新成功。","fields":{"SourceContext":"Surging.Core.Consul.ConsulServiceCacheManager","Application":"Sample"}}
{"@timestamp":"2024-08-04T17:27:06.9133080+08:00","level":"Information","messageTemplate":"缓存数据更新成功。","message":"缓存数据更新成功。","fields":{"SourceContext":"Surging.Core.Consul.ConsulServiceCacheManager","Application":"Sample"}}
{"@timestamp":"2024-08-04T17:28:06.9165343+08:00","level":"Information","messageTemplate":"缓存数据更新成功。","message":"缓存数据更新成功。","fields":{"SourceContext":"Surging.Core.Consul.ConsulServiceCacheManager","Application":"Sample"}}
{"@timestamp":"2024-08-04T17:29:06.9347827+08:00","level":"Information","messageTemplate":"缓存数据更新成功。","message":"缓存数据更新成功。","fields":{"SourceContext":"Surging.Core.Consul.ConsulServiceCacheManager","Application":"Sample"}}
{"@timestamp":"2024-08-04T17:30:06.9106682+08:00","level":"Information","messageTemplate":"缓存数据更新成功。","message":"缓存数据更新成功。","fields":{"SourceContext":"Surging.Core.Consul.ConsulServiceCacheManager","Application":"Sample"}}
{"@timestamp":"2024-08-04T17:31:06.9544244+08:00","level":"Information","messageTemplate":"缓存数据更新成功。","message":"缓存数据更新成功。","fields":{"SourceContext":"Surging.Core.Consul.ConsulServiceCacheManager","Application":"Sample"}}
{"@timestamp":"2024-08-04T17:32:06.9529822+08:00","level":"Information","messageTemplate":"缓存数据更新成功。","message":"缓存数据更新成功。","fields":{"SourceContext":"Surging.Core.Consul.ConsulServiceCacheManager","Application":"Sample"}}
{"@timestamp":"2024-08-04T17:33:06.9914768+08:00","level":"Information","messageTemplate":"缓存数据更新成功。","message":"缓存数据更新成功。","fields":{"SourceContext":"Surging.Core.Consul.ConsulServiceCacheManager","Application":"Sample"}}
{"@timestamp":"2024-08-04T17:34:06.8979513+08:00","level":"Information","messageTemplate":"缓存数据更新成功。","message":"缓存数据更新成功。","fields":{"SourceContext":"Surging.Core.Consul.ConsulServiceCacheManager","Application":"Sample"}}
{"@timestamp":"2024-08-04T17:35:06.9112551+08:00","level":"Information","messageTemplate":"缓存数据更新成功。","message":"缓存数据更新成功。","fields":{"SourceContext":"Surging.Core.Consul.ConsulServiceCacheManager","Application":"Sample"}}
{"@timestamp":"2024-08-04T17:36:06.9558442+08:00","level":"Information","messageTemplate":"缓存数据更新成功。","message":"缓存数据更新成功。","fields":{"SourceContext":"Surging.Core.Consul.ConsulServiceCacheManager","Application":"Sample"}}
{"@timestamp":"2024-08-04T17:37:06.9049594+08:00","level":"Information","messageTemplate":"缓存数据更新成功。","message":"缓存数据更新成功。","fields":{"SourceContext":"Surging.Core.Consul.ConsulServiceCacheManager","Application":"Sample"}}
{"@timestamp":"2024-08-04T17:38:06.9159748+08:00","level":"Information","messageTemplate":"缓存数据更新成功。","message":"缓存数据更新成功。","fields":{"SourceContext":"Surging.Core.Consul.ConsulServiceCacheManager","Application":"Sample"}}
{"@timestamp":"2024-08-04T17:39:06.9016909+08:00","level":"Information","messageTemplate":"缓存数据更新成功。","message":"缓存数据更新成功。","fields":{"SourceContext":"Surging.Core.Consul.ConsulServiceCacheManager","Application":"Sample"}}
{"@timestamp":"2024-08-04T17:40:06.9162867+08:00","level":"Information","messageTemplate":"缓存数据更新成功。","message":"缓存数据更新成功。","fields":{"SourceContext":"Surging.Core.Consul.ConsulServiceCacheManager","Application":"Sample"}}
{"@timestamp":"2024-08-04T17:41:06.9000518+08:00","level":"Information","messageTemplate":"缓存数据更新成功。","message":"缓存数据更新成功。","fields":{"SourceContext":"Surging.Core.Consul.ConsulServiceCacheManager","Application":"Sample"}}
{"@timestamp":"2024-08-04T17:42:06.9443656+08:00","level":"Information","messageTemplate":"缓存数据更新成功。","message":"缓存数据更新成功。","fields":{"SourceContext":"Surging.Core.Consul.ConsulServiceCacheManager","Application":"Sample"}}
{"@timestamp":"2024-08-04T17:43:06.9190013+08:00","level":"Information","messageTemplate":"缓存数据更新成功。","message":"缓存数据更新成功。","fields":{"SourceContext":"Surging.Core.Consul.ConsulServiceCacheManager","Application":"Sample"}}
{"@timestamp":"2024-08-04T17:44:06.9561802+08:00","level":"Information","messageTemplate":"缓存数据更新成功。","message":"缓存数据更新成功。","fields":{"SourceContext":"Surging.Core.Consul.ConsulServiceCacheManager","Application":"Sample"}}
{"@timestamp":"2024-08-04T17:45:06.9165650+08:00","level":"Information","messageTemplate":"缓存数据更新成功。","message":"缓存数据更新成功。","fields":{"SourceContext":"Surging.Core.Consul.ConsulServiceCacheManager","Application":"Sample"}}
{"@timestamp":"2024-08-04T17:46:06.9246328+08:00","level":"Information","messageTemplate":"缓存数据更新成功。","message":"缓存数据更新成功。","fields":{"SourceContext":"Surging.Core.Consul.ConsulServiceCacheManager","Application":"Sample"}}
{"@timestamp":"2024-08-04T17:47:06.9340127+08:00","level":"Information","messageTemplate":"缓存数据更新成功。","message":"缓存数据更新成功。","fields":{"SourceContext":"Surging.Core.Consul.ConsulServiceCacheManager","Application":"Sample"}}
{"@timestamp":"2024-08-04T17:48:06.9754544+08:00","level":"Information","messageTemplate":"缓存数据更新成功。","message":"缓存数据更新成功。","fields":{"SourceContext":"Surging.Core.Consul.ConsulServiceCacheManager","Application":"Sample"}}
{"@timestamp":"2024-08-04T17:49:06.9294310+08:00","level":"Information","messageTemplate":"缓存数据更新成功。","message":"缓存数据更新成功。","fields":{"SourceContext":"Surging.Core.Consul.ConsulServiceCacheManager","Application":"Sample"}}
{"@timestamp":"2024-08-04T17:50:06.9522187+08:00","level":"Information","messageTemplate":"缓存数据更新成功。","message":"缓存数据更新成功。","fields":{"SourceContext":"Surging.Core.Consul.ConsulServiceCacheManager","Application":"Sample"}}
{"@timestamp":"2024-08-04T17:51:07.0036447+08:00","level":"Information","messageTemplate":"缓存数据更新成功。","message":"缓存数据更新成功。","fields":{"SourceContext":"Surging.Core.Consul.ConsulServiceCacheManager","Application":"Sample"}}
{"@timestamp":"2024-08-04T17:52:06.9257080+08:00","level":"Information","messageTemplate":"缓存数据更新成功。","message":"缓存数据更新成功。","fields":{"SourceContext":"Surging.Core.Consul.ConsulServiceCacheManager","Application":"Sample"}}
{"@timestamp":"2024-08-04T17:53:06.9499330+08:00","level":"Information","messageTemplate":"缓存数据更新成功。","message":"缓存数据更新成功。","fields":{"SourceContext":"Surging.Core.Consul.ConsulServiceCacheManager","Application":"Sample"}}
{"@timestamp":"2024-08-04T17:54:06.9395532+08:00","level":"Information","messageTemplate":"缓存数据更新成功。","message":"缓存数据更新成功。","fields":{"SourceContext":"Surging.Core.Consul.ConsulServiceCacheManager","Application":"Sample"}}
{"@timestamp":"2024-08-04T17:55:06.9416560+08:00","level":"Information","messageTemplate":"缓存数据更新成功。","message":"缓存数据更新成功。","fields":{"SourceContext":"Surging.Core.Consul.ConsulServiceCacheManager","Application":"Sample"}}
{"@timestamp":"2024-08-04T17:56:06.9228798+08:00","level":"Information","messageTemplate":"缓存数据更新成功。","message":"缓存数据更新成功。","fields":{"SourceContext":"Surging.Core.Consul.ConsulServiceCacheManager","Application":"Sample"}}
{"@timestamp":"2024-08-04T17:57:06.9257656+08:00","level":"Information","messageTemplate":"缓存数据更新成功。","message":"缓存数据更新成功。","fields":{"SourceContext":"Surging.Core.Consul.ConsulServiceCacheManager","Application":"Sample"}}
{"@timestamp":"2024-08-04T17:58:06.9054849+08:00","level":"Information","messageTemplate":"缓存数据更新成功。","message":"缓存数据更新成功。","fields":{"SourceContext":"Surging.Core.Consul.ConsulServiceCacheManager","Application":"Sample"}}
{"@timestamp":"2024-08-04T17:59:06.9187214+08:00","level":"Information","messageTemplate":"缓存数据更新成功。","message":"缓存数据更新成功。","fields":{"SourceContext":"Surging.Core.Consul.ConsulServiceCacheManager","Application":"Sample"}}
{"@timestamp":"2024-08-04T18:00:06.9302600+08:00","level":"Information","messageTemplate":"缓存数据更新成功。","message":"缓存数据更新成功。","fields":{"SourceContext":"Surging.Core.Consul.ConsulServiceCacheManager","Application":"Sample"}}
{"@timestamp":"2024-08-04T18:01:06.9586631+08:00","level":"Information","messageTemplate":"缓存数据更新成功。","message":"缓存数据更新成功。","fields":{"SourceContext":"Surging.Core.Consul.ConsulServiceCacheManager","Application":"Sample"}}
{"@timestamp":"2024-08-04T18:02:06.9049627+08:00","level":"Information","messageTemplate":"缓存数据更新成功。","message":"缓存数据更新成功。","fields":{"SourceContext":"Surging.Core.Consul.ConsulServiceCacheManager","Application":"Sample"}}
{"@timestamp":"2024-08-04T18:03:06.9245600+08:00","level":"Information","messageTemplate":"缓存数据更新成功。","message":"缓存数据更新成功。","fields":{"SourceContext":"Surging.Core.Consul.ConsulServiceCacheManager","Application":"Sample"}}
{"@timestamp":"2024-08-04T18:04:06.9302275+08:00","level":"Information","messageTemplate":"缓存数据更新成功。","message":"缓存数据更新成功。","fields":{"SourceContext":"Surging.Core.Consul.ConsulServiceCacheManager","Application":"Sample"}}
{"@timestamp":"2024-08-04T18:05:06.9347302+08:00","level":"Information","messageTemplate":"缓存数据更新成功。","message":"缓存数据更新成功。","fields":{"SourceContext":"Surging.Core.Consul.ConsulServiceCacheManager","Application":"Sample"}}
{"@timestamp":"2024-08-04T18:06:06.9172445+08:00","level":"Information","messageTemplate":"缓存数据更新成功。","message":"缓存数据更新成功。","fields":{"SourceContext":"Surging.Core.Consul.ConsulServiceCacheManager","Application":"Sample"}}
{"@timestamp":"2024-08-04T18:07:06.9244904+08:00","level":"Information","messageTemplate":"缓存数据更新成功。","message":"缓存数据更新成功。","fields":{"SourceContext":"Surging.Core.Consul.ConsulServiceCacheManager","Application":"Sample"}}
{"@timestamp":"2024-08-04T18:08:06.9090377+08:00","level":"Information","messageTemplate":"缓存数据更新成功。","message":"缓存数据更新成功。","fields":{"SourceContext":"Surging.Core.Consul.ConsulServiceCacheManager","Application":"Sample"}}
{"@timestamp":"2024-08-04T18:09:06.9184981+08:00","level":"Information","messageTemplate":"缓存数据更新成功。","message":"缓存数据更新成功。","fields":{"SourceContext":"Surging.Core.Consul.ConsulServiceCacheManager","Application":"Sample"}}
{"@timestamp":"2024-08-04T18:10:06.9047021+08:00","level":"Information","messageTemplate":"缓存数据更新成功。","message":"缓存数据更新成功。","fields":{"SourceContext":"Surging.Core.Consul.ConsulServiceCacheManager","Application":"Sample"}}
{"@timestamp":"2024-08-04T18:11:06.9736171+08:00","level":"Information","messageTemplate":"缓存数据更新成功。","message":"缓存数据更新成功。","fields":{"SourceContext":"Surging.Core.Consul.ConsulServiceCacheManager","Application":"Sample"}}
{"@timestamp":"2024-08-04T18:12:06.9194368+08:00","level":"Information","messageTemplate":"缓存数据更新成功。","message":"缓存数据更新成功。","fields":{"SourceContext":"Surging.Core.Consul.ConsulServiceCacheManager","Application":"Sample"}}
{"@timestamp":"2024-08-04T18:13:06.9103121+08:00","level":"Information","messageTemplate":"缓存数据更新成功。","message":"缓存数据更新成功。","fields":{"SourceContext":"Surging.Core.Consul.ConsulServiceCacheManager","Application":"Sample"}}
{"@timestamp":"2024-08-04T18:14:06.9198491+08:00","level":"Information","messageTemplate":"缓存数据更新成功。","message":"缓存数据更新成功。","fields":{"SourceContext":"Surging.Core.Consul.ConsulServiceCacheManager","Application":"Sample"}}
{"@timestamp":"2024-08-04T18:15:06.9024390+08:00","level":"Information","messageTemplate":"缓存数据更新成功。","message":"缓存数据更新成功。","fields":{"SourceContext":"Surging.Core.Consul.ConsulServiceCacheManager","Application":"Sample"}}
{"@timestamp":"2024-08-04T18:16:06.9151003+08:00","level":"Information","messageTemplate":"缓存数据更新成功。","message":"缓存数据更新成功。","fields":{"SourceContext":"Surging.Core.Consul.ConsulServiceCacheManager","Application":"Sample"}}
{"@timestamp":"2024-08-04T18:17:06.9097670+08:00","level":"Information","messageTemplate":"缓存数据更新成功。","message":"缓存数据更新成功。","fields":{"SourceContext":"Surging.Core.Consul.ConsulServiceCacheManager","Application":"Sample"}}
{"@timestamp":"2024-08-04T18:18:06.9254445+08:00","level":"Information","messageTemplate":"缓存数据更新成功。","message":"缓存数据更新成功。","fields":{"SourceContext":"Surging.Core.Consul.ConsulServiceCacheManager","Application":"Sample"}}
{"@timestamp":"2024-08-04T18:19:06.9105497+08:00","level":"Information","messageTemplate":"缓存数据更新成功。","message":"缓存数据更新成功。","fields":{"SourceContext":"Surging.Core.Consul.ConsulServiceCacheManager","Application":"Sample"}}
{"@timestamp":"2024-08-04T18:20:07.0324099+08:00","level":"Information","messageTemplate":"缓存数据更新成功。","message":"缓存数据更新成功。","fields":{"SourceContext":"Surging.Core.Consul.ConsulServiceCacheManager","Application":"Sample"}}
{"@timestamp":"2024-08-04T18:21:06.9700584+08:00","level":"Information","messageTemplate":"缓存数据更新成功。","message":"缓存数据更新成功。","fields":{"SourceContext":"Surging.Core.Consul.ConsulServiceCacheManager","Application":"Sample"}}
{"@timestamp":"2024-08-04T18:22:06.9227643+08:00","level":"Information","messageTemplate":"缓存数据更新成功。","message":"缓存数据更新成功。","fields":{"SourceContext":"Surging.Core.Consul.ConsulServiceCacheManager","Application":"Sample"}}
{"@timestamp":"2024-08-04T18:23:06.9169896+08:00","level":"Information","messageTemplate":"缓存数据更新成功。","message":"缓存数据更新成功。","fields":{"SourceContext":"Surging.Core.Consul.ConsulServiceCacheManager","Application":"Sample"}}
{"@timestamp":"2024-08-04T18:24:06.9825108+08:00","level":"Information","messageTemplate":"缓存数据更新成功。","message":"缓存数据更新成功。","fields":{"SourceContext":"Surging.Core.Consul.ConsulServiceCacheManager","Application":"Sample"}}
{"@timestamp":"2024-08-04T18:25:06.9136124+08:00","level":"Information","messageTemplate":"缓存数据更新成功。","message":"缓存数据更新成功。","fields":{"SourceContext":"Surging.Core.Consul.ConsulServiceCacheManager","Application":"Sample"}}
{"@timestamp":"2024-08-04T18:26:07.0052904+08:00","level":"Information","messageTemplate":"缓存数据更新成功。","message":"缓存数据更新成功。","fields":{"SourceContext":"Surging.Core.Consul.ConsulServiceCacheManager","Application":"Sample"}}
{"@timestamp":"2024-08-04T18:27:06.9261083+08:00","level":"Information","messageTemplate":"缓存数据更新成功。","message":"缓存数据更新成功。","fields":{"SourceContext":"Surging.Core.Consul.ConsulServiceCacheManager","Application":"Sample"}}
{"@timestamp":"2024-08-04T18:28:06.9100218+08:00","level":"Information","messageTemplate":"缓存数据更新成功。","message":"缓存数据更新成功。","fields":{"SourceContext":"Surging.Core.Consul.ConsulServiceCacheManager","Application":"Sample"}}
{"@timestamp":"2024-08-04T18:29:06.9086299+08:00","level":"Information","messageTemplate":"缓存数据更新成功。","message":"缓存数据更新成功。","fields":{"SourceContext":"Surging.Core.Consul.ConsulServiceCacheManager","Application":"Sample"}}
{"@timestamp":"2024-08-04T18:30:07.0005553+08:00","level":"Information","messageTemplate":"缓存数据更新成功。","message":"缓存数据更新成功。","fields":{"SourceContext":"Surging.Core.Consul.ConsulServiceCacheManager","Application":"Sample"}}
{"@timestamp":"2024-08-04T18:31:06.9837707+08:00","level":"Information","messageTemplate":"缓存数据更新成功。","message":"缓存数据更新成功。","fields":{"SourceContext":"Surging.Core.Consul.ConsulServiceCacheManager","Application":"Sample"}}
{"@timestamp":"2024-08-04T18:32:06.9062329+08:00","level":"Information","messageTemplate":"缓存数据更新成功。","message":"缓存数据更新成功。","fields":{"SourceContext":"Surging.Core.Consul.ConsulServiceCacheManager","Application":"Sample"}}
{"@timestamp":"2024-08-04T18:33:07.0097658+08:00","level":"Information","messageTemplate":"缓存数据更新成功。","message":"缓存数据更新成功。","fields":{"SourceContext":"Surging.Core.Consul.ConsulServiceCacheManager","Application":"Sample"}}
{"@timestamp":"2024-08-04T18:34:06.9464991+08:00","level":"Information","messageTemplate":"缓存数据更新成功。","message":"缓存数据更新成功。","fields":{"SourceContext":"Surging.Core.Consul.ConsulServiceCacheManager","Application":"Sample"}}
{"@timestamp":"2024-08-04T18:35:06.9782980+08:00","level":"Information","messageTemplate":"缓存数据更新成功。","message":"缓存数据更新成功。","fields":{"SourceContext":"Surging.Core.Consul.ConsulServiceCacheManager","Application":"Sample"}}
{"@timestamp":"2024-08-04T18:36:06.9507494+08:00","level":"Information","messageTemplate":"缓存数据更新成功。","message":"缓存数据更新成功。","fields":{"SourceContext":"Surging.Core.Consul.ConsulServiceCacheManager","Application":"Sample"}}
{"@timestamp":"2024-08-04T18:37:06.9700520+08:00","level":"Information","messageTemplate":"缓存数据更新成功。","message":"缓存数据更新成功。","fields":{"SourceContext":"Surging.Core.Consul.ConsulServiceCacheManager","Application":"Sample"}}
{"@timestamp":"2024-08-04T18:38:06.9198786+08:00","level":"Information","messageTemplate":"缓存数据更新成功。","message":"缓存数据更新成功。","fields":{"SourceContext":"Surging.Core.Consul.ConsulServiceCacheManager","Application":"Sample"}}
{"@timestamp":"2024-08-04T18:39:06.9182608+08:00","level":"Information","messageTemplate":"缓存数据更新成功。","message":"缓存数据更新成功。","fields":{"SourceContext":"Surging.Core.Consul.ConsulServiceCacheManager","Application":"Sample"}}
{"@timestamp":"2024-08-04T18:40:06.9415701+08:00","level":"Information","messageTemplate":"缓存数据更新成功。","message":"缓存数据更新成功。","fields":{"SourceContext":"Surging.Core.Consul.ConsulServiceCacheManager","Application":"Sample"}}
{"@timestamp":"2024-08-04T18:41:06.9369064+08:00","level":"Information","messageTemplate":"缓存数据更新成功。","message":"缓存数据更新成功。","fields":{"SourceContext":"Surging.Core.Consul.ConsulServiceCacheManager","Application":"Sample"}}
{"@timestamp":"2024-08-04T18:42:06.9201150+08:00","level":"Information","messageTemplate":"缓存数据更新成功。","message":"缓存数据更新成功。","fields":{"SourceContext":"Surging.Core.Consul.ConsulServiceCacheManager","Application":"Sample"}}
{"@timestamp":"2024-08-04T18:43:06.9369914+08:00","level":"Information","messageTemplate":"缓存数据更新成功。","message":"缓存数据更新成功。","fields":{"SourceContext":"Surging.Core.Consul.ConsulServiceCacheManager","Application":"Sample"}}
{"@timestamp":"2024-08-04T18:44:06.9620662+08:00","level":"Information","messageTemplate":"缓存数据更新成功。","message":"缓存数据更新成功。","fields":{"SourceContext":"Surging.Core.Consul.ConsulServiceCacheManager","Application":"Sample"}}
{"@timestamp":"2024-08-04T18:45:06.9095439+08:00","level":"Information","messageTemplate":"缓存数据更新成功。","message":"缓存数据更新成功。","fields":{"SourceContext":"Surging.Core.Consul.ConsulServiceCacheManager","Application":"Sample"}}
{"@timestamp":"2024-08-04T18:46:06.9038974+08:00","level":"Information","messageTemplate":"缓存数据更新成功。","message":"缓存数据更新成功。","fields":{"SourceContext":"Surging.Core.Consul.ConsulServiceCacheManager","Application":"Sample"}}
{"@timestamp":"2024-08-04T18:47:06.9270814+08:00","level":"Information","messageTemplate":"缓存数据更新成功。","message":"缓存数据更新成功。","fields":{"SourceContext":"Surging.Core.Consul.ConsulServiceCacheManager","Application":"Sample"}}
{"@timestamp":"2024-08-04T18:48:06.9467205+08:00","level":"Information","messageTemplate":"缓存数据更新成功。","message":"缓存数据更新成功。","fields":{"SourceContext":"Surging.Core.Consul.ConsulServiceCacheManager","Application":"Sample"}}
{"@timestamp":"2024-08-04T18:49:06.9298987+08:00","level":"Information","messageTemplate":"缓存数据更新成功。","message":"缓存数据更新成功。","fields":{"SourceContext":"Surging.Core.Consul.ConsulServiceCacheManager","Application":"Sample"}}
{"@timestamp":"2024-08-04T18:50:06.9712810+08:00","level":"Information","messageTemplate":"缓存数据更新成功。","message":"缓存数据更新成功。","fields":{"SourceContext":"Surging.Core.Consul.ConsulServiceCacheManager","Application":"Sample"}}
{"@timestamp":"2024-08-04T18:51:06.9448304+08:00","level":"Information","messageTemplate":"缓存数据更新成功。","message":"缓存数据更新成功。","fields":{"SourceContext":"Surging.Core.Consul.ConsulServiceCacheManager","Application":"Sample"}}
{"@timestamp":"2024-08-04T18:52:06.9377381+08:00","level":"Information","messageTemplate":"缓存数据更新成功。","message":"缓存数据更新成功。","fields":{"SourceContext":"Surging.Core.Consul.ConsulServiceCacheManager","Application":"Sample"}}
{"@timestamp":"2024-08-04T18:53:06.9180450+08:00","level":"Information","messageTemplate":"缓存数据更新成功。","message":"缓存数据更新成功。","fields":{"SourceContext":"Surging.Core.Consul.ConsulServiceCacheManager","Application":"Sample"}}
{"@timestamp":"2024-08-04T18:54:06.9357371+08:00","level":"Information","messageTemplate":"缓存数据更新成功。","message":"缓存数据更新成功。","fields":{"SourceContext":"Surging.Core.Consul.ConsulServiceCacheManager","Application":"Sample"}}
{"@timestamp":"2024-08-04T18:55:06.9001807+08:00","level":"Information","messageTemplate":"缓存数据更新成功。","message":"缓存数据更新成功。","fields":{"SourceContext":"Surging.Core.Consul.ConsulServiceCacheManager","Application":"Sample"}}
{"@timestamp":"2024-08-04T18:56:06.9298404+08:00","level":"Information","messageTemplate":"缓存数据更新成功。","message":"缓存数据更新成功。","fields":{"SourceContext":"Surging.Core.Consul.ConsulServiceCacheManager","Application":"Sample"}}
{"@timestamp":"2024-08-04T18:57:06.9193193+08:00","level":"Information","messageTemplate":"缓存数据更新成功。","message":"缓存数据更新成功。","fields":{"SourceContext":"Surging.Core.Consul.ConsulServiceCacheManager","Application":"Sample"}}
{"@timestamp":"2024-08-04T18:58:06.9738540+08:00","level":"Information","messageTemplate":"缓存数据更新成功。","message":"缓存数据更新成功。","fields":{"SourceContext":"Surging.Core.Consul.ConsulServiceCacheManager","Application":"Sample"}}
{"@timestamp":"2024-08-04T18:59:06.9228887+08:00","level":"Information","messageTemplate":"缓存数据更新成功。","message":"缓存数据更新成功。","fields":{"SourceContext":"Surging.Core.Consul.ConsulServiceCacheManager","Application":"Sample"}}
{"@timestamp":"2024-08-04T19:00:06.9102904+08:00","level":"Information","messageTemplate":"缓存数据更新成功。","message":"缓存数据更新成功。","fields":{"SourceContext":"Surging.Core.Consul.ConsulServiceCacheManager","Application":"Sample"}}
{"@timestamp":"2024-08-04T19:01:06.9156879+08:00","level":"Information","messageTemplate":"缓存数据更新成功。","message":"缓存数据更新成功。","fields":{"SourceContext":"Surging.Core.Consul.ConsulServiceCacheManager","Application":"Sample"}}
{"@timestamp":"2024-08-04T19:02:06.9585489+08:00","level":"Information","messageTemplate":"缓存数据更新成功。","message":"缓存数据更新成功。","fields":{"SourceContext":"Surging.Core.Consul.ConsulServiceCacheManager","Application":"Sample"}}
{"@timestamp":"2024-08-04T19:03:06.9129558+08:00","level":"Information","messageTemplate":"缓存数据更新成功。","message":"缓存数据更新成功。","fields":{"SourceContext":"Surging.Core.Consul.ConsulServiceCacheManager","Application":"Sample"}}
{"@timestamp":"2024-08-04T19:04:06.9870504+08:00","level":"Information","messageTemplate":"缓存数据更新成功。","message":"缓存数据更新成功。","fields":{"SourceContext":"Surging.Core.Consul.ConsulServiceCacheManager","Application":"Sample"}}
{"@timestamp":"2024-08-04T19:05:06.9211377+08:00","level":"Information","messageTemplate":"缓存数据更新成功。","message":"缓存数据更新成功。","fields":{"SourceContext":"Surging.Core.Consul.ConsulServiceCacheManager","Application":"Sample"}}
{"@timestamp":"2024-08-04T19:06:06.9104493+08:00","level":"Information","messageTemplate":"缓存数据更新成功。","message":"缓存数据更新成功。","fields":{"SourceContext":"Surging.Core.Consul.ConsulServiceCacheManager","Application":"Sample"}}
{"@timestamp":"2024-08-04T19:07:06.9138165+08:00","level":"Information","messageTemplate":"缓存数据更新成功。","message":"缓存数据更新成功。","fields":{"SourceContext":"Surging.Core.Consul.ConsulServiceCacheManager","Application":"Sample"}}
{"@timestamp":"2024-08-04T19:08:06.9203785+08:00","level":"Information","messageTemplate":"缓存数据更新成功。","message":"缓存数据更新成功。","fields":{"SourceContext":"Surging.Core.Consul.ConsulServiceCacheManager","Application":"Sample"}}
{"@timestamp":"2024-08-04T19:09:06.9901456+08:00","level":"Information","messageTemplate":"缓存数据更新成功。","message":"缓存数据更新成功。","fields":{"SourceContext":"Surging.Core.Consul.ConsulServiceCacheManager","Application":"Sample"}}
{"@timestamp":"2024-08-04T19:10:06.9795850+08:00","level":"Information","messageTemplate":"缓存数据更新成功。","message":"缓存数据更新成功。","fields":{"SourceContext":"Surging.Core.Consul.ConsulServiceCacheManager","Application":"Sample"}}
{"@timestamp":"2024-08-04T19:11:06.9385955+08:00","level":"Information","messageTemplate":"缓存数据更新成功。","message":"缓存数据更新成功。","fields":{"SourceContext":"Surging.Core.Consul.ConsulServiceCacheManager","Application":"Sample"}}
{"@timestamp":"2024-08-04T19:12:06.9851647+08:00","level":"Information","messageTemplate":"缓存数据更新成功。","message":"缓存数据更新成功。","fields":{"SourceContext":"Surging.Core.Consul.ConsulServiceCacheManager","Application":"Sample"}}
{"@timestamp":"2024-08-04T19:13:06.9174791+08:00","level":"Information","messageTemplate":"缓存数据更新成功。","message":"缓存数据更新成功。","fields":{"SourceContext":"Surging.Core.Consul.ConsulServiceCacheManager","Application":"Sample"}}
{"@timestamp":"2024-08-04T19:14:06.9369906+08:00","level":"Information","messageTemplate":"缓存数据更新成功。","message":"缓存数据更新成功。","fields":{"SourceContext":"Surging.Core.Consul.ConsulServiceCacheManager","Application":"Sample"}}
{"@timestamp":"2024-08-04T19:15:06.9470516+08:00","level":"Information","messageTemplate":"缓存数据更新成功。","message":"缓存数据更新成功。","fields":{"SourceContext":"Surging.Core.Consul.ConsulServiceCacheManager","Application":"Sample"}}
{"@timestamp":"2024-08-04T19:16:07.0278530+08:00","level":"Information","messageTemplate":"缓存数据更新成功。","message":"缓存数据更新成功。","fields":{"SourceContext":"Surging.Core.Consul.ConsulServiceCacheManager","Application":"Sample"}}
{"@timestamp":"2024-08-04T19:17:06.9306278+08:00","level":"Information","messageTemplate":"缓存数据更新成功。","message":"缓存数据更新成功。","fields":{"SourceContext":"Surging.Core.Consul.ConsulServiceCacheManager","Application":"Sample"}}
{"@timestamp":"2024-08-04T19:18:06.9490959+08:00","level":"Information","messageTemplate":"缓存数据更新成功。","message":"缓存数据更新成功。","fields":{"SourceContext":"Surging.Core.Consul.ConsulServiceCacheManager","Application":"Sample"}}
{"@timestamp":"2024-08-04T19:19:06.9238345+08:00","level":"Information","messageTemplate":"缓存数据更新成功。","message":"缓存数据更新成功。","fields":{"SourceContext":"Surging.Core.Consul.ConsulServiceCacheManager","Application":"Sample"}}
{"@timestamp":"2024-08-04T19:20:06.9308945+08:00","level":"Information","messageTemplate":"缓存数据更新成功。","message":"缓存数据更新成功。","fields":{"SourceContext":"Surging.Core.Consul.ConsulServiceCacheManager","Application":"Sample"}}
{"@timestamp":"2024-08-04T19:21:06.9690375+08:00","level":"Information","messageTemplate":"缓存数据更新成功。","message":"缓存数据更新成功。","fields":{"SourceContext":"Surging.Core.Consul.ConsulServiceCacheManager","Application":"Sample"}}
{"@timestamp":"2024-08-04T19:22:06.9123668+08:00","level":"Information","messageTemplate":"缓存数据更新成功。","message":"缓存数据更新成功。","fields":{"SourceContext":"Surging.Core.Consul.ConsulServiceCacheManager","Application":"Sample"}}
{"@timestamp":"2024-08-04T19:23:06.9416040+08:00","level":"Information","messageTemplate":"缓存数据更新成功。","message":"缓存数据更新成功。","fields":{"SourceContext":"Surging.Core.Consul.ConsulServiceCacheManager","Application":"Sample"}}
{"@timestamp":"2024-08-04T19:24:06.9443356+08:00","level":"Information","messageTemplate":"缓存数据更新成功。","message":"缓存数据更新成功。","fields":{"SourceContext":"Surging.Core.Consul.ConsulServiceCacheManager","Application":"Sample"}}
{"@timestamp":"2024-08-04T19:25:06.9428433+08:00","level":"Information","messageTemplate":"缓存数据更新成功。","message":"缓存数据更新成功。","fields":{"SourceContext":"Surging.Core.Consul.ConsulServiceCacheManager","Application":"Sample"}}
{"@timestamp":"2024-08-04T19:26:06.9100675+08:00","level":"Information","messageTemplate":"缓存数据更新成功。","message":"缓存数据更新成功。","fields":{"SourceContext":"Surging.Core.Consul.ConsulServiceCacheManager","Application":"Sample"}}
{"@timestamp":"2024-08-04T19:27:06.9505600+08:00","level":"Information","messageTemplate":"缓存数据更新成功。","message":"缓存数据更新成功。","fields":{"SourceContext":"Surging.Core.Consul.ConsulServiceCacheManager","Application":"Sample"}}
{"@timestamp":"2024-08-04T19:28:06.9172506+08:00","level":"Information","messageTemplate":"缓存数据更新成功。","message":"缓存数据更新成功。","fields":{"SourceContext":"Surging.Core.Consul.ConsulServiceCacheManager","Application":"Sample"}}
{"@timestamp":"2024-08-04T19:29:06.9552660+08:00","level":"Information","messageTemplate":"缓存数据更新成功。","message":"缓存数据更新成功。","fields":{"SourceContext":"Surging.Core.Consul.ConsulServiceCacheManager","Application":"Sample"}}
{"@timestamp":"2024-08-04T19:30:06.9417939+08:00","level":"Information","messageTemplate":"缓存数据更新成功。","message":"缓存数据更新成功。","fields":{"SourceContext":"Surging.Core.Consul.ConsulServiceCacheManager","Application":"Sample"}}
{"@timestamp":"2024-08-04T19:31:06.9550428+08:00","level":"Information","messageTemplate":"缓存数据更新成功。","message":"缓存数据更新成功。","fields":{"SourceContext":"Surging.Core.Consul.ConsulServiceCacheManager","Application":"Sample"}}
{"@timestamp":"2024-08-04T19:32:06.9452013+08:00","level":"Information","messageTemplate":"缓存数据更新成功。","message":"缓存数据更新成功。","fields":{"SourceContext":"Surging.Core.Consul.ConsulServiceCacheManager","Application":"Sample"}}
{"@timestamp":"2024-08-04T19:33:06.9517920+08:00","level":"Information","messageTemplate":"缓存数据更新成功。","message":"缓存数据更新成功。","fields":{"SourceContext":"Surging.Core.Consul.ConsulServiceCacheManager","Application":"Sample"}}
{"@timestamp":"2024-08-04T19:34:06.9272308+08:00","level":"Information","messageTemplate":"缓存数据更新成功。","message":"缓存数据更新成功。","fields":{"SourceContext":"Surging.Core.Consul.ConsulServiceCacheManager","Application":"Sample"}}
{"@timestamp":"2024-08-04T19:35:06.9227919+08:00","level":"Information","messageTemplate":"缓存数据更新成功。","message":"缓存数据更新成功。","fields":{"SourceContext":"Surging.Core.Consul.ConsulServiceCacheManager","Application":"Sample"}}
{"@timestamp":"2024-08-04T19:36:06.9252354+08:00","level":"Information","messageTemplate":"缓存数据更新成功。","message":"缓存数据更新成功。","fields":{"SourceContext":"Surging.Core.Consul.ConsulServiceCacheManager","Application":"Sample"}}
{"@timestamp":"2024-08-04T19:37:06.9231276+08:00","level":"Information","messageTemplate":"缓存数据更新成功。","message":"缓存数据更新成功。","fields":{"SourceContext":"Surging.Core.Consul.ConsulServiceCacheManager","Application":"Sample"}}
{"@timestamp":"2024-08-04T19:38:06.9594180+08:00","level":"Information","messageTemplate":"缓存数据更新成功。","message":"缓存数据更新成功。","fields":{"SourceContext":"Surging.Core.Consul.ConsulServiceCacheManager","Application":"Sample"}}
{"@timestamp":"2024-08-04T19:39:06.9401036+08:00","level":"Information","messageTemplate":"缓存数据更新成功。","message":"缓存数据更新成功。","fields":{"SourceContext":"Surging.Core.Consul.ConsulServiceCacheManager","Application":"Sample"}}
{"@timestamp":"2024-08-04T19:40:06.9128798+08:00","level":"Information","messageTemplate":"缓存数据更新成功。","message":"缓存数据更新成功。","fields":{"SourceContext":"Surging.Core.Consul.ConsulServiceCacheManager","Application":"Sample"}}
{"@timestamp":"2024-08-04T19:41:06.9928524+08:00","level":"Information","messageTemplate":"缓存数据更新成功。","message":"缓存数据更新成功。","fields":{"SourceContext":"Surging.Core.Consul.ConsulServiceCacheManager","Application":"Sample"}}
{"@timestamp":"2024-08-04T19:42:06.9548886+08:00","level":"Information","messageTemplate":"缓存数据更新成功。","message":"缓存数据更新成功。","fields":{"SourceContext":"Surging.Core.Consul.ConsulServiceCacheManager","Application":"Sample"}}
{"@timestamp":"2024-08-04T19:43:06.9261204+08:00","level":"Information","messageTemplate":"缓存数据更新成功。","message":"缓存数据更新成功。","fields":{"SourceContext":"Surging.Core.Consul.ConsulServiceCacheManager","Application":"Sample"}}
{"@timestamp":"2024-08-04T19:44:06.9319479+08:00","level":"Information","messageTemplate":"缓存数据更新成功。","message":"缓存数据更新成功。","fields":{"SourceContext":"Surging.Core.Consul.ConsulServiceCacheManager","Application":"Sample"}}
{"@timestamp":"2024-08-04T19:45:06.9267844+08:00","level":"Information","messageTemplate":"缓存数据更新成功。","message":"缓存数据更新成功。","fields":{"SourceContext":"Surging.Core.Consul.ConsulServiceCacheManager","Application":"Sample"}}
{"@timestamp":"2024-08-04T19:46:06.9636542+08:00","level":"Information","messageTemplate":"缓存数据更新成功。","message":"缓存数据更新成功。","fields":{"SourceContext":"Surging.Core.Consul.ConsulServiceCacheManager","Application":"Sample"}}
{"@timestamp":"2024-08-04T19:47:06.9845360+08:00","level":"Information","messageTemplate":"缓存数据更新成功。","message":"缓存数据更新成功。","fields":{"SourceContext":"Surging.Core.Consul.ConsulServiceCacheManager","Application":"Sample"}}
{"@timestamp":"2024-08-04T19:48:06.9781427+08:00","level":"Information","messageTemplate":"缓存数据更新成功。","message":"缓存数据更新成功。","fields":{"SourceContext":"Surging.Core.Consul.ConsulServiceCacheManager","Application":"Sample"}}
{"@timestamp":"2024-08-04T19:49:06.9452853+08:00","level":"Information","messageTemplate":"缓存数据更新成功。","message":"缓存数据更新成功。","fields":{"SourceContext":"Surging.Core.Consul.ConsulServiceCacheManager","Application":"Sample"}}
{"@timestamp":"2024-08-04T19:50:07.0325026+08:00","level":"Information","messageTemplate":"缓存数据更新成功。","message":"缓存数据更新成功。","fields":{"SourceContext":"Surging.Core.Consul.ConsulServiceCacheManager","Application":"Sample"}}
{"@timestamp":"2024-08-04T19:51:06.9556734+08:00","level":"Information","messageTemplate":"缓存数据更新成功。","message":"缓存数据更新成功。","fields":{"SourceContext":"Surging.Core.Consul.ConsulServiceCacheManager","Application":"Sample"}}
{"@timestamp":"2024-08-04T19:52:06.9837583+08:00","level":"Information","messageTemplate":"缓存数据更新成功。","message":"缓存数据更新成功。","fields":{"SourceContext":"Surging.Core.Consul.ConsulServiceCacheManager","Application":"Sample"}}
{"@timestamp":"2024-08-04T19:53:06.9972825+08:00","level":"Information","messageTemplate":"缓存数据更新成功。","message":"缓存数据更新成功。","fields":{"SourceContext":"Surging.Core.Consul.ConsulServiceCacheManager","Application":"Sample"}}
{"@timestamp":"2024-08-04T19:54:06.9668055+08:00","level":"Information","messageTemplate":"缓存数据更新成功。","message":"缓存数据更新成功。","fields":{"SourceContext":"Surging.Core.Consul.ConsulServiceCacheManager","Application":"Sample"}}
{"@timestamp":"2024-08-04T19:55:06.9818786+08:00","level":"Information","messageTemplate":"缓存数据更新成功。","message":"缓存数据更新成功。","fields":{"SourceContext":"Surging.Core.Consul.ConsulServiceCacheManager","Application":"Sample"}}
{"@timestamp":"2024-08-04T19:56:06.9497935+08:00","level":"Information","messageTemplate":"缓存数据更新成功。","message":"缓存数据更新成功。","fields":{"SourceContext":"Surging.Core.Consul.ConsulServiceCacheManager","Application":"Sample"}}
{"@timestamp":"2024-08-04T19:57:06.9830481+08:00","level":"Information","messageTemplate":"缓存数据更新成功。","message":"缓存数据更新成功。","fields":{"SourceContext":"Surging.Core.Consul.ConsulServiceCacheManager","Application":"Sample"}}
{"@timestamp":"2024-08-04T19:58:07.0161673+08:00","level":"Information","messageTemplate":"缓存数据更新成功。","message":"缓存数据更新成功。","fields":{"SourceContext":"Surging.Core.Consul.ConsulServiceCacheManager","Application":"Sample"}}
{"@timestamp":"2024-08-04T19:59:06.9165359+08:00","level":"Information","messageTemplate":"缓存数据更新成功。","message":"缓存数据更新成功。","fields":{"SourceContext":"Surging.Core.Consul.ConsulServiceCacheManager","Application":"Sample"}}
{"@timestamp":"2024-08-04T20:00:06.9126420+08:00","level":"Information","messageTemplate":"缓存数据更新成功。","message":"缓存数据更新成功。","fields":{"SourceContext":"Surging.Core.Consul.ConsulServiceCacheManager","Application":"Sample"}}
{"@timestamp":"2024-08-04T20:01:06.9308360+08:00","level":"Information","messageTemplate":"缓存数据更新成功。","message":"缓存数据更新成功。","fields":{"SourceContext":"Surging.Core.Consul.ConsulServiceCacheManager","Application":"Sample"}}
{"@timestamp":"2024-08-04T20:02:06.9350076+08:00","level":"Information","messageTemplate":"缓存数据更新成功。","message":"缓存数据更新成功。","fields":{"SourceContext":"Surging.Core.Consul.ConsulServiceCacheManager","Application":"Sample"}}
{"@timestamp":"2024-08-04T20:03:06.9282859+08:00","level":"Information","messageTemplate":"缓存数据更新成功。","message":"缓存数据更新成功。","fields":{"SourceContext":"Surging.Core.Consul.ConsulServiceCacheManager","Application":"Sample"}}
{"@timestamp":"2024-08-04T20:04:06.9441195+08:00","level":"Information","messageTemplate":"缓存数据更新成功。","message":"缓存数据更新成功。","fields":{"SourceContext":"Surging.Core.Consul.ConsulServiceCacheManager","Application":"Sample"}}
{"@timestamp":"2024-08-04T20:05:07.0594295+08:00","level":"Information","messageTemplate":"缓存数据更新成功。","message":"缓存数据更新成功。","fields":{"SourceContext":"Surging.Core.Consul.ConsulServiceCacheManager","Application":"Sample"}}
{"@timestamp":"2024-08-04T20:06:06.9241406+08:00","level":"Information","messageTemplate":"缓存数据更新成功。","message":"缓存数据更新成功。","fields":{"SourceContext":"Surging.Core.Consul.ConsulServiceCacheManager","Application":"Sample"}}
{"@timestamp":"2024-08-04T20:07:06.9354665+08:00","level":"Information","messageTemplate":"缓存数据更新成功。","message":"缓存数据更新成功。","fields":{"SourceContext":"Surging.Core.Consul.ConsulServiceCacheManager","Application":"Sample"}}
{"@timestamp":"2024-08-04T20:08:07.1026598+08:00","level":"Information","messageTemplate":"缓存数据更新成功。","message":"缓存数据更新成功。","fields":{"SourceContext":"Surging.Core.Consul.ConsulServiceCacheManager","Application":"Sample"}}
{"@timestamp":"2024-08-04T20:09:06.9240990+08:00","level":"Information","messageTemplate":"缓存数据更新成功。","message":"缓存数据更新成功。","fields":{"SourceContext":"Surging.Core.Consul.ConsulServiceCacheManager","Application":"Sample"}}
{"@timestamp":"2024-08-04T20:10:06.9774228+08:00","level":"Information","messageTemplate":"缓存数据更新成功。","message":"缓存数据更新成功。","fields":{"SourceContext":"Surging.Core.Consul.ConsulServiceCacheManager","Application":"Sample"}}
{"@timestamp":"2024-08-04T20:11:07.0080359+08:00","level":"Information","messageTemplate":"缓存数据更新成功。","message":"缓存数据更新成功。","fields":{"SourceContext":"Surging.Core.Consul.ConsulServiceCacheManager","Application":"Sample"}}
{"@timestamp":"2024-08-04T20:12:07.0158794+08:00","level":"Information","messageTemplate":"缓存数据更新成功。","message":"缓存数据更新成功。","fields":{"SourceContext":"Surging.Core.Consul.ConsulServiceCacheManager","Application":"Sample"}}
{"@timestamp":"2024-08-04T20:13:06.9673189+08:00","level":"Information","messageTemplate":"缓存数据更新成功。","message":"缓存数据更新成功。","fields":{"SourceContext":"Surging.Core.Consul.ConsulServiceCacheManager","Application":"Sample"}}
{"@timestamp":"2024-08-04T20:14:06.9818231+08:00","level":"Information","messageTemplate":"缓存数据更新成功。","message":"缓存数据更新成功。","fields":{"SourceContext":"Surging.Core.Consul.ConsulServiceCacheManager","Application":"Sample"}}
{"@timestamp":"2024-08-04T20:15:06.9373606+08:00","level":"Information","messageTemplate":"缓存数据更新成功。","message":"缓存数据更新成功。","fields":{"SourceContext":"Surging.Core.Consul.ConsulServiceCacheManager","Application":"Sample"}}
{"@timestamp":"2024-08-04T20:16:06.9538912+08:00","level":"Information","messageTemplate":"缓存数据更新成功。","message":"缓存数据更新成功。","fields":{"SourceContext":"Surging.Core.Consul.ConsulServiceCacheManager","Application":"Sample"}}
{"@timestamp":"2024-08-04T20:17:06.9694316+08:00","level":"Information","messageTemplate":"缓存数据更新成功。","message":"缓存数据更新成功。","fields":{"SourceContext":"Surging.Core.Consul.ConsulServiceCacheManager","Application":"Sample"}}
{"@timestamp":"2024-08-04T20:18:06.9718433+08:00","level":"Information","messageTemplate":"缓存数据更新成功。","message":"缓存数据更新成功。","fields":{"SourceContext":"Surging.Core.Consul.ConsulServiceCacheManager","Application":"Sample"}}
{"@timestamp":"2024-08-04T20:19:07.0023041+08:00","level":"Information","messageTemplate":"缓存数据更新成功。","message":"缓存数据更新成功。","fields":{"SourceContext":"Surging.Core.Consul.ConsulServiceCacheManager","Application":"Sample"}}
{"@timestamp":"2024-08-04T20:20:06.9399755+08:00","level":"Information","messageTemplate":"缓存数据更新成功。","message":"缓存数据更新成功。","fields":{"SourceContext":"Surging.Core.Consul.ConsulServiceCacheManager","Application":"Sample"}}
{"@timestamp":"2024-08-04T20:21:06.9878918+08:00","level":"Information","messageTemplate":"缓存数据更新成功。","message":"缓存数据更新成功。","fields":{"SourceContext":"Surging.Core.Consul.ConsulServiceCacheManager","Application":"Sample"}}
{"@timestamp":"2024-08-04T20:22:06.9398885+08:00","level":"Information","messageTemplate":"缓存数据更新成功。","message":"缓存数据更新成功。","fields":{"SourceContext":"Surging.Core.Consul.ConsulServiceCacheManager","Application":"Sample"}}
{"@timestamp":"2024-08-04T20:23:06.9372879+08:00","level":"Information","messageTemplate":"缓存数据更新成功。","message":"缓存数据更新成功。","fields":{"SourceContext":"Surging.Core.Consul.ConsulServiceCacheManager","Application":"Sample"}}
{"@timestamp":"2024-08-04T20:24:06.9998276+08:00","level":"Information","messageTemplate":"缓存数据更新成功。","message":"缓存数据更新成功。","fields":{"SourceContext":"Surging.Core.Consul.ConsulServiceCacheManager","Application":"Sample"}}
{"@timestamp":"2024-08-04T20:25:06.9327293+08:00","level":"Information","messageTemplate":"缓存数据更新成功。","message":"缓存数据更新成功。","fields":{"SourceContext":"Surging.Core.Consul.ConsulServiceCacheManager","Application":"Sample"}}
{"@timestamp":"2024-08-04T20:26:06.9691856+08:00","level":"Information","messageTemplate":"缓存数据更新成功。","message":"缓存数据更新成功。","fields":{"SourceContext":"Surging.Core.Consul.ConsulServiceCacheManager","Application":"Sample"}}
{"@timestamp":"2024-08-04T20:27:06.9237895+08:00","level":"Information","messageTemplate":"缓存数据更新成功。","message":"缓存数据更新成功。","fields":{"SourceContext":"Surging.Core.Consul.ConsulServiceCacheManager","Application":"Sample"}}
{"@timestamp":"2024-08-04T20:28:06.9551731+08:00","level":"Information","messageTemplate":"缓存数据更新成功。","message":"缓存数据更新成功。","fields":{"SourceContext":"Surging.Core.Consul.ConsulServiceCacheManager","Application":"Sample"}}
{"@timestamp":"2024-08-04T20:29:06.9857275+08:00","level":"Information","messageTemplate":"缓存数据更新成功。","message":"缓存数据更新成功。","fields":{"SourceContext":"Surging.Core.Consul.ConsulServiceCacheManager","Application":"Sample"}}
{"@timestamp":"2024-08-04T20:30:06.9862143+08:00","level":"Information","messageTemplate":"缓存数据更新成功。","message":"缓存数据更新成功。","fields":{"SourceContext":"Surging.Core.Consul.ConsulServiceCacheManager","Application":"Sample"}}
{"@timestamp":"2024-08-04T20:31:06.9495639+08:00","level":"Information","messageTemplate":"缓存数据更新成功。","message":"缓存数据更新成功。","fields":{"SourceContext":"Surging.Core.Consul.ConsulServiceCacheManager","Application":"Sample"}}
{"@timestamp":"2024-08-04T20:32:06.9140492+08:00","level":"Information","messageTemplate":"缓存数据更新成功。","message":"缓存数据更新成功。","fields":{"SourceContext":"Surging.Core.Consul.ConsulServiceCacheManager","Application":"Sample"}}
{"@timestamp":"2024-08-04T20:33:07.1037876+08:00","level":"Information","messageTemplate":"缓存数据更新成功。","message":"缓存数据更新成功。","fields":{"SourceContext":"Surging.Core.Consul.ConsulServiceCacheManager","Application":"Sample"}}
{"@timestamp":"2024-08-04T20:34:07.0498017+08:00","level":"Information","messageTemplate":"缓存数据更新成功。","message":"缓存数据更新成功。","fields":{"SourceContext":"Surging.Core.Consul.ConsulServiceCacheManager","Application":"Sample"}}
{"@timestamp":"2024-08-04T20:35:06.9708131+08:00","level":"Information","messageTemplate":"缓存数据更新成功。","message":"缓存数据更新成功。","fields":{"SourceContext":"Surging.Core.Consul.ConsulServiceCacheManager","Application":"Sample"}}
{"@timestamp":"2024-08-04T20:36:06.9634949+08:00","level":"Information","messageTemplate":"缓存数据更新成功。","message":"缓存数据更新成功。","fields":{"SourceContext":"Surging.Core.Consul.ConsulServiceCacheManager","Application":"Sample"}}
{"@timestamp":"2024-08-04T20:37:06.9569441+08:00","level":"Information","messageTemplate":"缓存数据更新成功。","message":"缓存数据更新成功。","fields":{"SourceContext":"Surging.Core.Consul.ConsulServiceCacheManager","Application":"Sample"}}
{"@timestamp":"2024-08-04T20:38:06.9566139+08:00","level":"Information","messageTemplate":"缓存数据更新成功。","message":"缓存数据更新成功。","fields":{"SourceContext":"Surging.Core.Consul.ConsulServiceCacheManager","Application":"Sample"}}
{"@timestamp":"2024-08-04T20:39:06.9365615+08:00","level":"Information","messageTemplate":"缓存数据更新成功。","message":"缓存数据更新成功。","fields":{"SourceContext":"Surging.Core.Consul.ConsulServiceCacheManager","Application":"Sample"}}
{"@timestamp":"2024-08-04T20:40:06.9736358+08:00","level":"Information","messageTemplate":"缓存数据更新成功。","message":"缓存数据更新成功。","fields":{"SourceContext":"Surging.Core.Consul.ConsulServiceCacheManager","Application":"Sample"}}
{"@timestamp":"2024-08-04T20:41:06.9324691+08:00","level":"Information","messageTemplate":"缓存数据更新成功。","message":"缓存数据更新成功。","fields":{"SourceContext":"Surging.Core.Consul.ConsulServiceCacheManager","Application":"Sample"}}
{"@timestamp":"2024-08-04T20:42:07.0160664+08:00","level":"Information","messageTemplate":"缓存数据更新成功。","message":"缓存数据更新成功。","fields":{"SourceContext":"Surging.Core.Consul.ConsulServiceCacheManager","Application":"Sample"}}
{"@timestamp":"2024-08-04T20:43:06.9194593+08:00","level":"Information","messageTemplate":"缓存数据更新成功。","message":"缓存数据更新成功。","fields":{"SourceContext":"Surging.Core.Consul.ConsulServiceCacheManager","Application":"Sample"}}
{"@timestamp":"2024-08-04T20:44:06.9424190+08:00","level":"Information","messageTemplate":"缓存数据更新成功。","message":"缓存数据更新成功。","fields":{"SourceContext":"Surging.Core.Consul.ConsulServiceCacheManager","Application":"Sample"}}
{"@timestamp":"2024-08-04T20:45:07.0108800+08:00","level":"Information","messageTemplate":"缓存数据更新成功。","message":"缓存数据更新成功。","fields":{"SourceContext":"Surging.Core.Consul.ConsulServiceCacheManager","Application":"Sample"}}
{"@timestamp":"2024-08-04T20:46:07.0300380+08:00","level":"Information","messageTemplate":"缓存数据更新成功。","message":"缓存数据更新成功。","fields":{"SourceContext":"Surging.Core.Consul.ConsulServiceCacheManager","Application":"Sample"}}
{"@timestamp":"2024-08-04T20:47:07.0248914+08:00","level":"Information","messageTemplate":"缓存数据更新成功。","message":"缓存数据更新成功。","fields":{"SourceContext":"Surging.Core.Consul.ConsulServiceCacheManager","Application":"Sample"}}
{"@timestamp":"2024-08-04T20:48:06.9324569+08:00","level":"Information","messageTemplate":"缓存数据更新成功。","message":"缓存数据更新成功。","fields":{"SourceContext":"Surging.Core.Consul.ConsulServiceCacheManager","Application":"Sample"}}
{"@timestamp":"2024-08-04T20:49:06.9949276+08:00","level":"Information","messageTemplate":"缓存数据更新成功。","message":"缓存数据更新成功。","fields":{"SourceContext":"Surging.Core.Consul.ConsulServiceCacheManager","Application":"Sample"}}
{"@timestamp":"2024-08-04T20:50:06.9368401+08:00","level":"Information","messageTemplate":"缓存数据更新成功。","message":"缓存数据更新成功。","fields":{"SourceContext":"Surging.Core.Consul.ConsulServiceCacheManager","Application":"Sample"}}
{"@timestamp":"2024-08-04T20:51:06.9396421+08:00","level":"Information","messageTemplate":"缓存数据更新成功。","message":"缓存数据更新成功。","fields":{"SourceContext":"Surging.Core.Consul.ConsulServiceCacheManager","Application":"Sample"}}
{"@timestamp":"2024-08-04T20:52:06.9974482+08:00","level":"Information","messageTemplate":"缓存数据更新成功。","message":"缓存数据更新成功。","fields":{"SourceContext":"Surging.Core.Consul.ConsulServiceCacheManager","Application":"Sample"}}
{"@timestamp":"2024-08-04T20:53:07.1401468+08:00","level":"Information","messageTemplate":"缓存数据更新成功。","message":"缓存数据更新成功。","fields":{"SourceContext":"Surging.Core.Consul.ConsulServiceCacheManager","Application":"Sample"}}
{"@timestamp":"2024-08-04T20:54:07.1280007+08:00","level":"Information","messageTemplate":"缓存数据更新成功。","message":"缓存数据更新成功。","fields":{"SourceContext":"Surging.Core.Consul.ConsulServiceCacheManager","Application":"Sample"}}
{"@timestamp":"2024-08-04T20:55:06.9660882+08:00","level":"Information","messageTemplate":"缓存数据更新成功。","message":"缓存数据更新成功。","fields":{"SourceContext":"Surging.Core.Consul.ConsulServiceCacheManager","Application":"Sample"}}
{"@timestamp":"2024-08-04T20:56:06.9832021+08:00","level":"Information","messageTemplate":"缓存数据更新成功。","message":"缓存数据更新成功。","fields":{"SourceContext":"Surging.Core.Consul.ConsulServiceCacheManager","Application":"Sample"}}
{"@timestamp":"2024-08-04T20:57:07.0085632+08:00","level":"Information","messageTemplate":"缓存数据更新成功。","message":"缓存数据更新成功。","fields":{"SourceContext":"Surging.Core.Consul.ConsulServiceCacheManager","Application":"Sample"}}
{"@timestamp":"2024-08-04T20:58:06.9554588+08:00","level":"Information","messageTemplate":"缓存数据更新成功。","message":"缓存数据更新成功。","fields":{"SourceContext":"Surging.Core.Consul.ConsulServiceCacheManager","Application":"Sample"}}
{"@timestamp":"2024-08-04T20:59:06.9542047+08:00","level":"Information","messageTemplate":"缓存数据更新成功。","message":"缓存数据更新成功。","fields":{"SourceContext":"Surging.Core.Consul.ConsulServiceCacheManager","Application":"Sample"}}
{"@timestamp":"2024-08-04T21:00:07.0099357+08:00","level":"Information","messageTemplate":"缓存数据更新成功。","message":"缓存数据更新成功。","fields":{"SourceContext":"Surging.Core.Consul.ConsulServiceCacheManager","Application":"Sample"}}
{"@timestamp":"2024-08-04T21:01:07.0257748+08:00","level":"Information","messageTemplate":"缓存数据更新成功。","message":"缓存数据更新成功。","fields":{"SourceContext":"Surging.Core.Consul.ConsulServiceCacheManager","Application":"Sample"}}
{"@timestamp":"2024-08-04T21:02:07.0745722+08:00","level":"Information","messageTemplate":"缓存数据更新成功。","message":"缓存数据更新成功。","fields":{"SourceContext":"Surging.Core.Consul.ConsulServiceCacheManager","Application":"Sample"}}
{"@timestamp":"2024-08-04T21:52:34.5393925+08:00","level":"Warning","messageTemplate":"无法获取路由信息，因为节点：services/mqttServiceRoutes/，不存在。","message":"无法获取路由信息，因为节点：services/mqttServiceRoutes/，不存在。","fields":{"SourceContext":"Surging.Core.Consul.ConsulMqttServiceRouteManager","Application":"Sample"}}
{"@timestamp":"2024-08-04T21:52:37.9092990+08:00","level":"Information","messageTemplate":"{State:l}","message":"rtp handler active {0}","fields":{"State":"rtp handler active {0}","SourceContext":"Surging.Core.LiveStream.Runtime.Handler.RtpHandler","Application":"Sample"},"renderings":{"State":[{"Format":"l","Rendering":"rtp handler active {0}"}]}}
{"@timestamp":"2024-08-04T21:52:37.9092994+08:00","level":"Information","messageTemplate":"{State:l}","message":"rtcp handler active {0}","fields":{"State":"rtcp handler active {0}","SourceContext":"Surging.Core.LiveStream.Runtime.Handler.RtpHandler","Application":"Sample"},"renderings":{"State":[{"Format":"l","Rendering":"rtcp handler active {0}"}]}}
{"@timestamp":"2024-08-04T21:52:40.5329129+08:00","level":"Information","messageTemplate":"发现了以下服务：Kayak.IModuleServices.DeviceManage.IProductService,Kayak.IModuleServices.System.ISysDictionaryService,Kayak.IModuleServices.System.ISysOrganizationService,Kayak.IModuleServices.System.ISysUserService,Surging.Core.CPlatform.Module.IEchoService,Surging.Core.Consul.Internal.IHandlerService,Surging.Core.LiveStream.Runtime.ILiveRomtePublishService,Surging.Core.Protocol.Mqtt.Internal.Runtime.IMqttRomtePublishService。","message":"发现了以下服务：Kayak.IModuleServices.DeviceManage.IProductService,Kayak.IModuleServices.System.ISysDictionaryService,Kayak.IModuleServices.System.ISysOrganizationService,Kayak.IModuleServices.System.ISysUserService,Surging.Core.CPlatform.Module.IEchoService,Surging.Core.Consul.Internal.IHandlerService,Surging.Core.LiveStream.Runtime.ILiveRomtePublishService,Surging.Core.Protocol.Mqtt.Internal.Runtime.IMqttRomtePublishService。","fields":{"SourceContext":"Surging.Core.CPlatform.Runtime.Server.Implementation.ServiceDiscovery.Attributes.AttributeServiceEntryProvider","Application":"Sample"}}
{"@timestamp":"2024-08-04T21:56:21.4193335+08:00","level":"Warning","messageTemplate":"无法获取路由信息，因为节点：services/mqttServiceRoutes/，不存在。","message":"无法获取路由信息，因为节点：services/mqttServiceRoutes/，不存在。","fields":{"SourceContext":"Surging.Core.Consul.ConsulMqttServiceRouteManager","Application":"Sample"}}
{"@timestamp":"2024-08-04T21:56:24.5392645+08:00","level":"Information","messageTemplate":"{State:l}","message":"rtcp handler active {0}","fields":{"State":"rtcp handler active {0}","SourceContext":"Surging.Core.LiveStream.Runtime.Handler.RtpHandler","Application":"Sample"},"renderings":{"State":[{"Format":"l","Rendering":"rtcp handler active {0}"}]}}
{"@timestamp":"2024-08-04T21:56:24.5392653+08:00","level":"Information","messageTemplate":"{State:l}","message":"rtp handler active {0}","fields":{"State":"rtp handler active {0}","SourceContext":"Surging.Core.LiveStream.Runtime.Handler.RtpHandler","Application":"Sample"},"renderings":{"State":[{"Format":"l","Rendering":"rtp handler active {0}"}]}}
{"@timestamp":"2024-08-04T21:56:26.7060444+08:00","level":"Information","messageTemplate":"发现了以下服务：Kayak.IModuleServices.DeviceManage.IProductService,Kayak.IModuleServices.System.ISysDictionaryService,Kayak.IModuleServices.System.ISysOrganizationService,Kayak.IModuleServices.System.ISysUserService,Surging.Core.CPlatform.Module.IEchoService,Surging.Core.Consul.Internal.IHandlerService,Surging.Core.LiveStream.Runtime.ILiveRomtePublishService,Surging.Core.Protocol.Mqtt.Internal.Runtime.IMqttRomtePublishService。","message":"发现了以下服务：Kayak.IModuleServices.DeviceManage.IProductService,Kayak.IModuleServices.System.ISysDictionaryService,Kayak.IModuleServices.System.ISysOrganizationService,Kayak.IModuleServices.System.ISysUserService,Surging.Core.CPlatform.Module.IEchoService,Surging.Core.Consul.Internal.IHandlerService,Surging.Core.LiveStream.Runtime.ILiveRomtePublishService,Surging.Core.Protocol.Mqtt.Internal.Runtime.IMqttRomtePublishService。","fields":{"SourceContext":"Surging.Core.CPlatform.Runtime.Server.Implementation.ServiceDiscovery.Attributes.AttributeServiceEntryProvider","Application":"Sample"}}
{"@timestamp":"2024-08-04T21:56:28.3833970+08:00","level":"Information","messageTemplate":"发现了以下服务：Kayak.IModuleServices.DeviceManage.IProductService,Kayak.IModuleServices.System.ISysDictionaryService,Kayak.IModuleServices.System.ISysOrganizationService,Kayak.IModuleServices.System.ISysUserService,Surging.Core.CPlatform.Module.IEchoService,Surging.Core.Consul.Internal.IHandlerService,Surging.Core.LiveStream.Runtime.ILiveRomtePublishService,Surging.Core.Protocol.Mqtt.Internal.Runtime.IMqttRomtePublishService。","message":"发现了以下服务：Kayak.IModuleServices.DeviceManage.IProductService,Kayak.IModuleServices.System.ISysDictionaryService,Kayak.IModuleServices.System.ISysOrganizationService,Kayak.IModuleServices.System.ISysUserService,Surging.Core.CPlatform.Module.IEchoService,Surging.Core.Consul.Internal.IHandlerService,Surging.Core.LiveStream.Runtime.ILiveRomtePublishService,Surging.Core.Protocol.Mqtt.Internal.Runtime.IMqttRomtePublishService。","fields":{"SourceContext":"Surging.Core.CPlatform.Runtime.Server.Implementation.ServiceDiscovery.Attributes.AttributeServiceEntryProvider","Application":"Sample"}}
{"@timestamp":"2024-08-04T21:56:28.3846316+08:00","level":"Information","messageTemplate":"发现了以下服务：Kayak.IModuleServices.DeviceManage.IProductService,Kayak.IModuleServices.System.ISysDictionaryService,Kayak.IModuleServices.System.ISysOrganizationService,Kayak.IModuleServices.System.ISysUserService,Surging.Core.CPlatform.Module.IEchoService,Surging.Core.Consul.Internal.IHandlerService,Surging.Core.LiveStream.Runtime.ILiveRomtePublishService,Surging.Core.Protocol.Mqtt.Internal.Runtime.IMqttRomtePublishService。","message":"发现了以下服务：Kayak.IModuleServices.DeviceManage.IProductService,Kayak.IModuleServices.System.ISysDictionaryService,Kayak.IModuleServices.System.ISysOrganizationService,Kayak.IModuleServices.System.ISysUserService,Surging.Core.CPlatform.Module.IEchoService,Surging.Core.Consul.Internal.IHandlerService,Surging.Core.LiveStream.Runtime.ILiveRomtePublishService,Surging.Core.Protocol.Mqtt.Internal.Runtime.IMqttRomtePublishService。","fields":{"SourceContext":"Surging.Core.CPlatform.Runtime.Server.Implementation.ServiceDiscovery.Attributes.AttributeServiceEntryProvider","Application":"Sample"}}
{"@timestamp":"2024-08-04T21:56:29.8042829+08:00","level":"Information","messageTemplate":"发现了以下服务：Kayak.IModuleServices.DeviceManage.IProductService,Kayak.IModuleServices.System.ISysDictionaryService,Kayak.IModuleServices.System.ISysOrganizationService,Kayak.IModuleServices.System.ISysUserService,Surging.Core.CPlatform.Module.IEchoService,Surging.Core.Consul.Internal.IHandlerService,Surging.Core.LiveStream.Runtime.ILiveRomtePublishService,Surging.Core.Protocol.Mqtt.Internal.Runtime.IMqttRomtePublishService。","message":"发现了以下服务：Kayak.IModuleServices.DeviceManage.IProductService,Kayak.IModuleServices.System.ISysDictionaryService,Kayak.IModuleServices.System.ISysOrganizationService,Kayak.IModuleServices.System.ISysUserService,Surging.Core.CPlatform.Module.IEchoService,Surging.Core.Consul.Internal.IHandlerService,Surging.Core.LiveStream.Runtime.ILiveRomtePublishService,Surging.Core.Protocol.Mqtt.Internal.Runtime.IMqttRomtePublishService。","fields":{"SourceContext":"Surging.Core.CPlatform.Runtime.Server.Implementation.ServiceDiscovery.Attributes.AttributeServiceEntryProvider","Application":"Sample"}}
{"@timestamp":"2024-08-04T21:57:17.5020541+08:00","level":"Information","messageTemplate":"缓存数据更新成功。","message":"缓存数据更新成功。","fields":{"SourceContext":"Surging.Core.Consul.ConsulServiceCacheManager","Application":"Sample"}}
{"@timestamp":"2024-08-04T23:49:43.8340461+08:00","level":"Warning","messageTemplate":"无法获取路由信息，因为节点：services/mqttServiceRoutes/，不存在。","message":"无法获取路由信息，因为节点：services/mqttServiceRoutes/，不存在。","fields":{"SourceContext":"Surging.Core.Consul.ConsulMqttServiceRouteManager","Application":"Sample"}}
{"@timestamp":"2024-08-04T23:49:45.9102490+08:00","level":"Error","messageTemplate":"Rtmp服务主机启动失败，监听地址：127.0.0.1:76。 ","message":"Rtmp服务主机启动失败，监听地址：127.0.0.1:76。 ","fields":{"SourceContext":"Surging.Core.LiveStream.RtmpMessageListener","Application":"Sample"}}
{"@timestamp":"2024-08-04T23:49:46.7058273+08:00","level":"Error","messageTemplate":"Rtp服务主机启动失败，监听地址：127.0.0.1:46。 ","message":"Rtp服务主机启动失败，监听地址：127.0.0.1:46。 ","fields":{"SourceContext":"Surging.Core.LiveStream.RtspMessageListener","Application":"Sample"}}
{"@timestamp":"2024-08-04T23:49:46.7335601+08:00","level":"Error","messageTemplate":"Rtsp服务主机启动失败，监听地址：127.0.0.1:46。 ","message":"Rtsp服务主机启动失败，监听地址：127.0.0.1:46。 ","fields":{"SourceContext":"Surging.Core.LiveStream.RtspMessageListener","Application":"Sample"}}
{"@timestamp":"2024-08-04T23:49:47.6680160+08:00","level":"Error","messageTemplate":"HttpFlv服务主机启动失败，监听地址：127.0.0.1:8080。 ","message":"HttpFlv服务主机启动失败，监听地址：127.0.0.1:8080。 ","fields":{"SourceContext":"Surging.Core.LiveStream.HttpFlvMessageListener","Application":"Sample"}}
{"@timestamp":"2024-08-04T23:49:48.7519777+08:00","level":"Information","messageTemplate":"发现了以下服务：Kayak.IModuleServices.DeviceManage.IProductService,Kayak.IModuleServices.System.ISysDictionaryService,Kayak.IModuleServices.System.ISysOrganizationService,Kayak.IModuleServices.System.ISysUserService,Surging.Core.CPlatform.Module.IEchoService,Surging.Core.Consul.Internal.IHandlerService,Surging.Core.LiveStream.Runtime.ILiveRomtePublishService,Surging.Core.Protocol.Mqtt.Internal.Runtime.IMqttRomtePublishService。","message":"发现了以下服务：Kayak.IModuleServices.DeviceManage.IProductService,Kayak.IModuleServices.System.ISysDictionaryService,Kayak.IModuleServices.System.ISysOrganizationService,Kayak.IModuleServices.System.ISysUserService,Surging.Core.CPlatform.Module.IEchoService,Surging.Core.Consul.Internal.IHandlerService,Surging.Core.LiveStream.Runtime.ILiveRomtePublishService,Surging.Core.Protocol.Mqtt.Internal.Runtime.IMqttRomtePublishService。","fields":{"SourceContext":"Surging.Core.CPlatform.Runtime.Server.Implementation.ServiceDiscovery.Attributes.AttributeServiceEntryProvider","Application":"Sample"}}
{"@timestamp":"2024-08-04T23:49:50.8943139+08:00","level":"Information","messageTemplate":"发现了以下服务：Kayak.IModuleServices.DeviceManage.IProductService,Kayak.IModuleServices.System.ISysDictionaryService,Kayak.IModuleServices.System.ISysOrganizationService,Kayak.IModuleServices.System.ISysUserService,Surging.Core.CPlatform.Module.IEchoService,Surging.Core.Consul.Internal.IHandlerService,Surging.Core.LiveStream.Runtime.ILiveRomtePublishService,Surging.Core.Protocol.Mqtt.Internal.Runtime.IMqttRomtePublishService。","message":"发现了以下服务：Kayak.IModuleServices.DeviceManage.IProductService,Kayak.IModuleServices.System.ISysDictionaryService,Kayak.IModuleServices.System.ISysOrganizationService,Kayak.IModuleServices.System.ISysUserService,Surging.Core.CPlatform.Module.IEchoService,Surging.Core.Consul.Internal.IHandlerService,Surging.Core.LiveStream.Runtime.ILiveRomtePublishService,Surging.Core.Protocol.Mqtt.Internal.Runtime.IMqttRomtePublishService。","fields":{"SourceContext":"Surging.Core.CPlatform.Runtime.Server.Implementation.ServiceDiscovery.Attributes.AttributeServiceEntryProvider","Application":"Sample"}}
{"@timestamp":"2024-08-04T23:49:50.8961879+08:00","level":"Information","messageTemplate":"发现了以下服务：Kayak.IModuleServices.DeviceManage.IProductService,Kayak.IModuleServices.System.ISysDictionaryService,Kayak.IModuleServices.System.ISysOrganizationService,Kayak.IModuleServices.System.ISysUserService,Surging.Core.CPlatform.Module.IEchoService,Surging.Core.Consul.Internal.IHandlerService,Surging.Core.LiveStream.Runtime.ILiveRomtePublishService,Surging.Core.Protocol.Mqtt.Internal.Runtime.IMqttRomtePublishService。","message":"发现了以下服务：Kayak.IModuleServices.DeviceManage.IProductService,Kayak.IModuleServices.System.ISysDictionaryService,Kayak.IModuleServices.System.ISysOrganizationService,Kayak.IModuleServices.System.ISysUserService,Surging.Core.CPlatform.Module.IEchoService,Surging.Core.Consul.Internal.IHandlerService,Surging.Core.LiveStream.Runtime.ILiveRomtePublishService,Surging.Core.Protocol.Mqtt.Internal.Runtime.IMqttRomtePublishService。","fields":{"SourceContext":"Surging.Core.CPlatform.Runtime.Server.Implementation.ServiceDiscovery.Attributes.AttributeServiceEntryProvider","Application":"Sample"}}
{"@timestamp":"2024-08-04T23:49:50.9397223+08:00","level":"Warning","messageTemplate":"根据服务路由路径：api/oauth2/token，找不到相关服务信息。","message":"根据服务路由路径：api/oauth2/token，找不到相关服务信息。","fields":{"SourceContext":"Surging.Core.CPlatform.Routing.Implementation.DefaultServiceRouteProvider","Application":"Sample"}}
{"@timestamp":"2024-08-04T23:49:50.9407542+08:00","level":"Warning","messageTemplate":"根据服务路由路径：api/oauth2/token，找不到相关服务信息。","message":"根据服务路由路径：api/oauth2/token，找不到相关服务信息。","fields":{"SourceContext":"Surging.Core.CPlatform.Routing.Implementation.DefaultServiceRouteProvider","Application":"Sample"}}
{"@timestamp":"2024-08-04T23:51:13.8053440+08:00","level":"Information","messageTemplate":"缓存数据更新成功。","message":"缓存数据更新成功。","fields":{"SourceContext":"Surging.Core.Consul.ConsulServiceCacheManager","Application":"Sample"}}
{"@timestamp":"2024-08-04T23:51:18.3918061+08:00","level":"Information","messageTemplate":"根据服务id：Kayak.IModuleServices.System.ISysUserService.Authentication_param，找到以下可用地址：127.0.0.1:82,127.0.0.1:83。","message":"根据服务id：Kayak.IModuleServices.System.ISysUserService.Authentication_param，找到以下可用地址：127.0.0.1:82,127.0.0.1:83。","fields":{"SourceContext":"Surging.Core.CPlatform.Runtime.Client.Address.Resolvers.Implementation.DefaultAddressResolver","Application":"Sample"}}
{"@timestamp":"2024-08-04T23:52:16.0750203+08:00","level":"Warning","messageTemplate":"无法获取路由信息，因为节点：services/mqttServiceRoutes/，不存在。","message":"无法获取路由信息，因为节点：services/mqttServiceRoutes/，不存在。","fields":{"SourceContext":"Surging.Core.Consul.ConsulMqttServiceRouteManager","Application":"Sample"}}
{"@timestamp":"2024-08-04T23:52:18.0282649+08:00","level":"Error","messageTemplate":"Rtmp服务主机启动失败，监听地址：127.0.0.1:76。 ","message":"Rtmp服务主机启动失败，监听地址：127.0.0.1:76。 ","fields":{"SourceContext":"Surging.Core.LiveStream.RtmpMessageListener","Application":"Sample"}}
{"@timestamp":"2024-08-04T23:52:18.7497036+08:00","level":"Error","messageTemplate":"Rtp服务主机启动失败，监听地址：127.0.0.1:46。 ","message":"Rtp服务主机启动失败，监听地址：127.0.0.1:46。 ","fields":{"SourceContext":"Surging.Core.LiveStream.RtspMessageListener","Application":"Sample"}}
{"@timestamp":"2024-08-04T23:52:18.7802042+08:00","level":"Error","messageTemplate":"Rtsp服务主机启动失败，监听地址：127.0.0.1:46。 ","message":"Rtsp服务主机启动失败，监听地址：127.0.0.1:46。 ","fields":{"SourceContext":"Surging.Core.LiveStream.RtspMessageListener","Application":"Sample"}}
{"@timestamp":"2024-08-04T23:52:19.6044229+08:00","level":"Error","messageTemplate":"HttpFlv服务主机启动失败，监听地址：127.0.0.1:8080。 ","message":"HttpFlv服务主机启动失败，监听地址：127.0.0.1:8080。 ","fields":{"SourceContext":"Surging.Core.LiveStream.HttpFlvMessageListener","Application":"Sample"}}
{"@timestamp":"2024-08-04T23:52:20.6626677+08:00","level":"Information","messageTemplate":"发现了以下服务：Kayak.IModuleServices.DeviceManage.IProductService,Kayak.IModuleServices.System.ISysDictionaryService,Kayak.IModuleServices.System.ISysOrganizationService,Kayak.IModuleServices.System.ISysUserService,Surging.Core.CPlatform.Module.IEchoService,Surging.Core.Consul.Internal.IHandlerService,Surging.Core.LiveStream.Runtime.ILiveRomtePublishService,Surging.Core.Protocol.Mqtt.Internal.Runtime.IMqttRomtePublishService。","message":"发现了以下服务：Kayak.IModuleServices.DeviceManage.IProductService,Kayak.IModuleServices.System.ISysDictionaryService,Kayak.IModuleServices.System.ISysOrganizationService,Kayak.IModuleServices.System.ISysUserService,Surging.Core.CPlatform.Module.IEchoService,Surging.Core.Consul.Internal.IHandlerService,Surging.Core.LiveStream.Runtime.ILiveRomtePublishService,Surging.Core.Protocol.Mqtt.Internal.Runtime.IMqttRomtePublishService。","fields":{"SourceContext":"Surging.Core.CPlatform.Runtime.Server.Implementation.ServiceDiscovery.Attributes.AttributeServiceEntryProvider","Application":"Sample"}}
{"@timestamp":"2024-08-04T23:52:25.9145310+08:00","level":"Information","messageTemplate":"发现了以下服务：Kayak.IModuleServices.DeviceManage.IProductService,Kayak.IModuleServices.System.ISysDictionaryService,Kayak.IModuleServices.System.ISysOrganizationService,Kayak.IModuleServices.System.ISysUserService,Surging.Core.CPlatform.Module.IEchoService,Surging.Core.Consul.Internal.IHandlerService,Surging.Core.LiveStream.Runtime.ILiveRomtePublishService,Surging.Core.Protocol.Mqtt.Internal.Runtime.IMqttRomtePublishService。","message":"发现了以下服务：Kayak.IModuleServices.DeviceManage.IProductService,Kayak.IModuleServices.System.ISysDictionaryService,Kayak.IModuleServices.System.ISysOrganizationService,Kayak.IModuleServices.System.ISysUserService,Surging.Core.CPlatform.Module.IEchoService,Surging.Core.Consul.Internal.IHandlerService,Surging.Core.LiveStream.Runtime.ILiveRomtePublishService,Surging.Core.Protocol.Mqtt.Internal.Runtime.IMqttRomtePublishService。","fields":{"SourceContext":"Surging.Core.CPlatform.Runtime.Server.Implementation.ServiceDiscovery.Attributes.AttributeServiceEntryProvider","Application":"Sample"}}
{"@timestamp":"2024-08-04T23:52:25.9159919+08:00","level":"Information","messageTemplate":"发现了以下服务：Kayak.IModuleServices.DeviceManage.IProductService,Kayak.IModuleServices.System.ISysDictionaryService,Kayak.IModuleServices.System.ISysOrganizationService,Kayak.IModuleServices.System.ISysUserService,Surging.Core.CPlatform.Module.IEchoService,Surging.Core.Consul.Internal.IHandlerService,Surging.Core.LiveStream.Runtime.ILiveRomtePublishService,Surging.Core.Protocol.Mqtt.Internal.Runtime.IMqttRomtePublishService。","message":"发现了以下服务：Kayak.IModuleServices.DeviceManage.IProductService,Kayak.IModuleServices.System.ISysDictionaryService,Kayak.IModuleServices.System.ISysOrganizationService,Kayak.IModuleServices.System.ISysUserService,Surging.Core.CPlatform.Module.IEchoService,Surging.Core.Consul.Internal.IHandlerService,Surging.Core.LiveStream.Runtime.ILiveRomtePublishService,Surging.Core.Protocol.Mqtt.Internal.Runtime.IMqttRomtePublishService。","fields":{"SourceContext":"Surging.Core.CPlatform.Runtime.Server.Implementation.ServiceDiscovery.Attributes.AttributeServiceEntryProvider","Application":"Sample"}}
{"@timestamp":"2024-08-04T23:52:25.9520109+08:00","level":"Warning","messageTemplate":"根据服务路由路径：api/oauth2/token，找不到相关服务信息。","message":"根据服务路由路径：api/oauth2/token，找不到相关服务信息。","fields":{"SourceContext":"Surging.Core.CPlatform.Routing.Implementation.DefaultServiceRouteProvider","Application":"Sample"}}
{"@timestamp":"2024-08-04T23:52:25.9532995+08:00","level":"Warning","messageTemplate":"根据服务路由路径：api/oauth2/token，找不到相关服务信息。","message":"根据服务路由路径：api/oauth2/token，找不到相关服务信息。","fields":{"SourceContext":"Surging.Core.CPlatform.Routing.Implementation.DefaultServiceRouteProvider","Application":"Sample"}}
{"@timestamp":"2024-08-04T23:53:24.7449835+08:00","level":"Information","messageTemplate":"根据服务id：Kayak.IModuleServices.System.ISysUserService.Authentication_param，找到以下可用地址：127.0.0.1:82,127.0.0.1:83。","message":"根据服务id：Kayak.IModuleServices.System.ISysUserService.Authentication_param，找到以下可用地址：127.0.0.1:82,127.0.0.1:83。","fields":{"SourceContext":"Surging.Core.CPlatform.Runtime.Client.Address.Resolvers.Implementation.DefaultAddressResolver","Application":"Sample"}}
{"@timestamp":"2024-08-04T23:53:24.9569347+08:00","level":"Information","messageTemplate":"缓存数据更新成功。","message":"缓存数据更新成功。","fields":{"SourceContext":"Surging.Core.Consul.ConsulServiceCacheManager","Application":"Sample"}}
{"@timestamp":"2024-08-04T23:54:13.2273129+08:00","level":"Information","messageTemplate":"缓存数据更新成功。","message":"缓存数据更新成功。","fields":{"SourceContext":"Surging.Core.Consul.ConsulServiceCacheManager","Application":"Sample"}}
{"@timestamp":"2024-08-04T23:56:45.2016725+08:00","level":"Warning","messageTemplate":"无法获取路由信息，因为节点：services/mqttServiceRoutes/，不存在。","message":"无法获取路由信息，因为节点：services/mqttServiceRoutes/，不存在。","fields":{"SourceContext":"Surging.Core.Consul.ConsulMqttServiceRouteManager","Application":"Sample"}}
{"@timestamp":"2024-08-04T23:56:47.0479042+08:00","level":"Error","messageTemplate":"Rtmp服务主机启动失败，监听地址：127.0.0.1:76。 ","message":"Rtmp服务主机启动失败，监听地址：127.0.0.1:76。 ","fields":{"SourceContext":"Surging.Core.LiveStream.RtmpMessageListener","Application":"Sample"}}
{"@timestamp":"2024-08-04T23:56:47.7298515+08:00","level":"Error","messageTemplate":"Rtp服务主机启动失败，监听地址：127.0.0.1:46。 ","message":"Rtp服务主机启动失败，监听地址：127.0.0.1:46。 ","fields":{"SourceContext":"Surging.Core.LiveStream.RtspMessageListener","Application":"Sample"}}
{"@timestamp":"2024-08-04T23:56:47.7560145+08:00","level":"Error","messageTemplate":"Rtsp服务主机启动失败，监听地址：127.0.0.1:46。 ","message":"Rtsp服务主机启动失败，监听地址：127.0.0.1:46。 ","fields":{"SourceContext":"Surging.Core.LiveStream.RtspMessageListener","Application":"Sample"}}
{"@timestamp":"2024-08-04T23:56:48.6219086+08:00","level":"Error","messageTemplate":"HttpFlv服务主机启动失败，监听地址：127.0.0.1:8080。 ","message":"HttpFlv服务主机启动失败，监听地址：127.0.0.1:8080。 ","fields":{"SourceContext":"Surging.Core.LiveStream.HttpFlvMessageListener","Application":"Sample"}}
{"@timestamp":"2024-08-04T23:56:49.7279391+08:00","level":"Information","messageTemplate":"发现了以下服务：Kayak.IModuleServices.DeviceManage.IProductService,Kayak.IModuleServices.System.ISysDictionaryService,Kayak.IModuleServices.System.ISysOrganizationService,Kayak.IModuleServices.System.ISysUserService,Surging.Core.CPlatform.Module.IEchoService,Surging.Core.Consul.Internal.IHandlerService,Surging.Core.LiveStream.Runtime.ILiveRomtePublishService,Surging.Core.Protocol.Mqtt.Internal.Runtime.IMqttRomtePublishService。","message":"发现了以下服务：Kayak.IModuleServices.DeviceManage.IProductService,Kayak.IModuleServices.System.ISysDictionaryService,Kayak.IModuleServices.System.ISysOrganizationService,Kayak.IModuleServices.System.ISysUserService,Surging.Core.CPlatform.Module.IEchoService,Surging.Core.Consul.Internal.IHandlerService,Surging.Core.LiveStream.Runtime.ILiveRomtePublishService,Surging.Core.Protocol.Mqtt.Internal.Runtime.IMqttRomtePublishService。","fields":{"SourceContext":"Surging.Core.CPlatform.Runtime.Server.Implementation.ServiceDiscovery.Attributes.AttributeServiceEntryProvider","Application":"Sample"}}
{"@timestamp":"2024-08-04T23:57:03.3124724+08:00","level":"Information","messageTemplate":"发现了以下服务：Kayak.IModuleServices.DeviceManage.IProductService,Kayak.IModuleServices.System.ISysDictionaryService,Kayak.IModuleServices.System.ISysOrganizationService,Kayak.IModuleServices.System.ISysUserService,Surging.Core.CPlatform.Module.IEchoService,Surging.Core.Consul.Internal.IHandlerService,Surging.Core.LiveStream.Runtime.ILiveRomtePublishService,Surging.Core.Protocol.Mqtt.Internal.Runtime.IMqttRomtePublishService。","message":"发现了以下服务：Kayak.IModuleServices.DeviceManage.IProductService,Kayak.IModuleServices.System.ISysDictionaryService,Kayak.IModuleServices.System.ISysOrganizationService,Kayak.IModuleServices.System.ISysUserService,Surging.Core.CPlatform.Module.IEchoService,Surging.Core.Consul.Internal.IHandlerService,Surging.Core.LiveStream.Runtime.ILiveRomtePublishService,Surging.Core.Protocol.Mqtt.Internal.Runtime.IMqttRomtePublishService。","fields":{"SourceContext":"Surging.Core.CPlatform.Runtime.Server.Implementation.ServiceDiscovery.Attributes.AttributeServiceEntryProvider","Application":"Sample"}}
{"@timestamp":"2024-08-04T23:57:03.3140535+08:00","level":"Information","messageTemplate":"发现了以下服务：Kayak.IModuleServices.DeviceManage.IProductService,Kayak.IModuleServices.System.ISysDictionaryService,Kayak.IModuleServices.System.ISysOrganizationService,Kayak.IModuleServices.System.ISysUserService,Surging.Core.CPlatform.Module.IEchoService,Surging.Core.Consul.Internal.IHandlerService,Surging.Core.LiveStream.Runtime.ILiveRomtePublishService,Surging.Core.Protocol.Mqtt.Internal.Runtime.IMqttRomtePublishService。","message":"发现了以下服务：Kayak.IModuleServices.DeviceManage.IProductService,Kayak.IModuleServices.System.ISysDictionaryService,Kayak.IModuleServices.System.ISysOrganizationService,Kayak.IModuleServices.System.ISysUserService,Surging.Core.CPlatform.Module.IEchoService,Surging.Core.Consul.Internal.IHandlerService,Surging.Core.LiveStream.Runtime.ILiveRomtePublishService,Surging.Core.Protocol.Mqtt.Internal.Runtime.IMqttRomtePublishService。","fields":{"SourceContext":"Surging.Core.CPlatform.Runtime.Server.Implementation.ServiceDiscovery.Attributes.AttributeServiceEntryProvider","Application":"Sample"}}
{"@timestamp":"2024-08-04T23:57:03.5877080+08:00","level":"Information","messageTemplate":"发现了以下服务：Kayak.IModuleServices.DeviceManage.IProductService,Kayak.IModuleServices.System.ISysDictionaryService,Kayak.IModuleServices.System.ISysOrganizationService,Kayak.IModuleServices.System.ISysUserService,Surging.Core.CPlatform.Module.IEchoService,Surging.Core.Consul.Internal.IHandlerService,Surging.Core.LiveStream.Runtime.ILiveRomtePublishService,Surging.Core.Protocol.Mqtt.Internal.Runtime.IMqttRomtePublishService。","message":"发现了以下服务：Kayak.IModuleServices.DeviceManage.IProductService,Kayak.IModuleServices.System.ISysDictionaryService,Kayak.IModuleServices.System.ISysOrganizationService,Kayak.IModuleServices.System.ISysUserService,Surging.Core.CPlatform.Module.IEchoService,Surging.Core.Consul.Internal.IHandlerService,Surging.Core.LiveStream.Runtime.ILiveRomtePublishService,Surging.Core.Protocol.Mqtt.Internal.Runtime.IMqttRomtePublishService。","fields":{"SourceContext":"Surging.Core.CPlatform.Runtime.Server.Implementation.ServiceDiscovery.Attributes.AttributeServiceEntryProvider","Application":"Sample"}}
{"@timestamp":"2024-08-04T23:57:42.0585155+08:00","level":"Information","messageTemplate":"缓存数据更新成功。","message":"缓存数据更新成功。","fields":{"SourceContext":"Surging.Core.Consul.ConsulServiceCacheManager","Application":"Sample"}}
