2024-08-04 16:03:22.661 +08:00 [My_Service] [Information] Surging.Apm.Skywalking_V3.InstrumentStartup : Initializing ...
2024-08-04 16:03:22.674 +08:00 [My_Service] [Information] Surging.Apm.Skywalking_V3.Service.RegisterService : Loaded instrument service [Surging.Apm.Skywalking_V3.Service.RegisterService].
2024-08-04 16:03:22.674 +08:00 [My_Service] [Information] Surging.Apm.Skywalking_V3.Service.PingService : Loaded instrument service [Surging.Apm.Skywalking_V3.Service.PingService].
2024-08-04 16:03:22.674 +08:00 [My_Service] [Information] Surging.Apm.Skywalking_V3.Service.CLRStatsService : Loaded instrument service [Surging.Apm.Skywalking_V3.Service.CLRStatsService].
2024-08-04 16:03:22.674 +08:00 [My_Service] [Information] Surging.Apm.Skywalking_V3.Service.SegmentReportService : Loaded instrument service [Surging.Apm.Skywalking_V3.Service.SegmentReportService].
2024-08-04 16:03:22.674 +08:00 [My_Service] [Information] Surging.Apm.Skywalking_V3.Transport.Grpc.ConnectService : Loaded instrument service [Surging.Apm.Skywalking_V3.Transport.Grpc.ConnectService].
2024-08-04 16:03:22.674 +08:00 [My_Service] [Information] Surging.Apm.Skywalking_V3.Sampling.SimpleCountSamplingInterceptor : Loaded instrument service [Surging.Apm.Skywalking_V3.Sampling.SimpleCountSamplingInterceptor].
2024-08-04 16:03:22.674 +08:00 [My_Service] [Information] Surging.Apm.Skywalking_V3.Transport.Grpc.ConnectService : Loaded instrument service [Surging.Apm.Skywalking_V3.Transport.Grpc.ConnectService].
2024-08-04 16:03:22.674 +08:00 [My_Service] [Information] Surging.Apm.Skywalking_V3.InstrumentStartup : Started SkyAPM .NET Core Agent.
2024-08-04 16:03:22.993 +08:00 [My_Service] [Information] Surging.Apm.Skywalking_V3.Diagnostics.TracingDiagnosticProcessorObserver : Loaded diagnostic listener [SurgingDiagnosticListener].
2024-08-04 16:03:22.993 +08:00 [My_Service] [Information] Surging.Apm.Skywalking_V3.Diagnostics.TracingDiagnosticProcessorObserver : Loaded diagnostic listener [SurgingDiagnosticListener].
2024-08-04 16:03:22.994 +08:00 [My_Service] [Information] Surging.Apm.Skywalking_V3.Diagnostics.TracingDiagnosticProcessorObserver : Loaded diagnostic listener [SurgingDiagnosticListener].
2024-08-04 16:07:17.515 +08:00 [My_Service] [Information] Surging.Apm.Skywalking_V3.InstrumentStartup : Initializing ...
2024-08-04 16:07:17.525 +08:00 [My_Service] [Information] Surging.Apm.Skywalking_V3.Service.RegisterService : Loaded instrument service [Surging.Apm.Skywalking_V3.Service.RegisterService].
2024-08-04 16:07:17.525 +08:00 [My_Service] [Information] Surging.Apm.Skywalking_V3.Service.PingService : Loaded instrument service [Surging.Apm.Skywalking_V3.Service.PingService].
2024-08-04 16:07:17.525 +08:00 [My_Service] [Information] Surging.Apm.Skywalking_V3.Service.CLRStatsService : Loaded instrument service [Surging.Apm.Skywalking_V3.Service.CLRStatsService].
2024-08-04 16:07:17.525 +08:00 [My_Service] [Information] Surging.Apm.Skywalking_V3.Service.SegmentReportService : Loaded instrument service [Surging.Apm.Skywalking_V3.Service.SegmentReportService].
2024-08-04 16:07:17.525 +08:00 [My_Service] [Information] Surging.Apm.Skywalking_V3.Transport.Grpc.ConnectService : Loaded instrument service [Surging.Apm.Skywalking_V3.Transport.Grpc.ConnectService].
2024-08-04 16:07:17.525 +08:00 [My_Service] [Information] Surging.Apm.Skywalking_V3.Sampling.SimpleCountSamplingInterceptor : Loaded instrument service [Surging.Apm.Skywalking_V3.Sampling.SimpleCountSamplingInterceptor].
2024-08-04 16:07:17.525 +08:00 [My_Service] [Information] Surging.Apm.Skywalking_V3.Transport.Grpc.ConnectService : Loaded instrument service [Surging.Apm.Skywalking_V3.Transport.Grpc.ConnectService].
2024-08-04 16:07:17.525 +08:00 [My_Service] [Information] Surging.Apm.Skywalking_V3.InstrumentStartup : Started SkyAPM .NET Core Agent.
2024-08-04 16:07:17.824 +08:00 [My_Service] [Information] Surging.Apm.Skywalking_V3.Diagnostics.TracingDiagnosticProcessorObserver : Loaded diagnostic listener [SurgingDiagnosticListener].
2024-08-04 16:07:17.824 +08:00 [My_Service] [Information] Surging.Apm.Skywalking_V3.Diagnostics.TracingDiagnosticProcessorObserver : Loaded diagnostic listener [SurgingDiagnosticListener].
2024-08-04 16:07:17.826 +08:00 [My_Service] [Information] Surging.Apm.Skywalking_V3.Diagnostics.TracingDiagnosticProcessorObserver : Loaded diagnostic listener [SurgingDiagnosticListener].
2024-08-04 16:07:20.058 +08:00 [My_Service] [Information] Surging.Apm.Skywalking_V3.Diagnostics.TracingDiagnosticProcessorObserver : Loaded diagnostic listener [SurgingDiagnosticListener].
2024-08-04 16:07:20.058 +08:00 [My_Service] [Information] Surging.Apm.Skywalking_V3.Diagnostics.TracingDiagnosticProcessorObserver : Loaded diagnostic listener [SurgingDiagnosticListener].
2024-08-04 16:07:20.058 +08:00 [My_Service] [Information] Surging.Apm.Skywalking_V3.Diagnostics.TracingDiagnosticProcessorObserver : Loaded diagnostic listener [SurgingDiagnosticListener].
2024-08-04 16:07:20.067 +08:00 [My_Service] [Information] Surging.Apm.Skywalking_V3.Diagnostics.TracingDiagnosticProcessorObserver : Loaded diagnostic listener [SurgingDiagnosticListener].
2024-08-04 16:07:20.067 +08:00 [My_Service] [Information] Surging.Apm.Skywalking_V3.Diagnostics.TracingDiagnosticProcessorObserver : Loaded diagnostic listener [SurgingDiagnosticListener].
2024-08-04 16:07:20.067 +08:00 [My_Service] [Information] Surging.Apm.Skywalking_V3.Diagnostics.TracingDiagnosticProcessorObserver : Loaded diagnostic listener [SurgingDiagnosticListener].
2024-08-04 16:07:48.992 +08:00 [My_Service] [Information] Surging.Apm.Skywalking_V3.InstrumentStartup : Initializing ...
2024-08-04 16:07:49.002 +08:00 [My_Service] [Information] Surging.Apm.Skywalking_V3.Service.RegisterService : Loaded instrument service [Surging.Apm.Skywalking_V3.Service.RegisterService].
2024-08-04 16:07:49.002 +08:00 [My_Service] [Information] Surging.Apm.Skywalking_V3.Service.PingService : Loaded instrument service [Surging.Apm.Skywalking_V3.Service.PingService].
2024-08-04 16:07:49.002 +08:00 [My_Service] [Information] Surging.Apm.Skywalking_V3.Service.CLRStatsService : Loaded instrument service [Surging.Apm.Skywalking_V3.Service.CLRStatsService].
2024-08-04 16:07:49.002 +08:00 [My_Service] [Information] Surging.Apm.Skywalking_V3.Service.SegmentReportService : Loaded instrument service [Surging.Apm.Skywalking_V3.Service.SegmentReportService].
2024-08-04 16:07:49.002 +08:00 [My_Service] [Information] Surging.Apm.Skywalking_V3.Transport.Grpc.ConnectService : Loaded instrument service [Surging.Apm.Skywalking_V3.Transport.Grpc.ConnectService].
2024-08-04 16:07:49.002 +08:00 [My_Service] [Information] Surging.Apm.Skywalking_V3.Sampling.SimpleCountSamplingInterceptor : Loaded instrument service [Surging.Apm.Skywalking_V3.Sampling.SimpleCountSamplingInterceptor].
2024-08-04 16:07:49.002 +08:00 [My_Service] [Information] Surging.Apm.Skywalking_V3.Transport.Grpc.ConnectService : Loaded instrument service [Surging.Apm.Skywalking_V3.Transport.Grpc.ConnectService].
2024-08-04 16:07:49.002 +08:00 [My_Service] [Information] Surging.Apm.Skywalking_V3.InstrumentStartup : Started SkyAPM .NET Core Agent.
2024-08-04 16:07:49.281 +08:00 [My_Service] [Information] Surging.Apm.Skywalking_V3.Diagnostics.TracingDiagnosticProcessorObserver : Loaded diagnostic listener [SurgingDiagnosticListener].
2024-08-04 16:07:49.281 +08:00 [My_Service] [Information] Surging.Apm.Skywalking_V3.Diagnostics.TracingDiagnosticProcessorObserver : Loaded diagnostic listener [SurgingDiagnosticListener].
2024-08-04 16:07:49.282 +08:00 [My_Service] [Information] Surging.Apm.Skywalking_V3.Diagnostics.TracingDiagnosticProcessorObserver : Loaded diagnostic listener [SurgingDiagnosticListener].
2024-08-04 16:07:50.410 +08:00 [My_Service] [Information] Surging.Apm.Skywalking_V3.Diagnostics.TracingDiagnosticProcessorObserver : Loaded diagnostic listener [SurgingDiagnosticListener].
2024-08-04 16:07:50.410 +08:00 [My_Service] [Information] Surging.Apm.Skywalking_V3.Diagnostics.TracingDiagnosticProcessorObserver : Loaded diagnostic listener [SurgingDiagnosticListener].
2024-08-04 16:07:50.410 +08:00 [My_Service] [Information] Surging.Apm.Skywalking_V3.Diagnostics.TracingDiagnosticProcessorObserver : Loaded diagnostic listener [SurgingDiagnosticListener].
2024-08-04 16:07:50.421 +08:00 [My_Service] [Information] Surging.Apm.Skywalking_V3.Diagnostics.TracingDiagnosticProcessorObserver : Loaded diagnostic listener [SurgingDiagnosticListener].
2024-08-04 16:07:50.421 +08:00 [My_Service] [Information] Surging.Apm.Skywalking_V3.Diagnostics.TracingDiagnosticProcessorObserver : Loaded diagnostic listener [SurgingDiagnosticListener].
2024-08-04 16:07:50.421 +08:00 [My_Service] [Information] Surging.Apm.Skywalking_V3.Diagnostics.TracingDiagnosticProcessorObserver : Loaded diagnostic listener [SurgingDiagnosticListener].
2024-08-04 16:11:43.897 +08:00 [My_Service] [Information] Surging.Apm.Skywalking_V3.InstrumentStartup : Initializing ...
2024-08-04 16:11:43.906 +08:00 [My_Service] [Information] Surging.Apm.Skywalking_V3.Service.RegisterService : Loaded instrument service [Surging.Apm.Skywalking_V3.Service.RegisterService].
2024-08-04 16:11:43.906 +08:00 [My_Service] [Information] Surging.Apm.Skywalking_V3.Service.PingService : Loaded instrument service [Surging.Apm.Skywalking_V3.Service.PingService].
2024-08-04 16:11:43.906 +08:00 [My_Service] [Information] Surging.Apm.Skywalking_V3.Service.CLRStatsService : Loaded instrument service [Surging.Apm.Skywalking_V3.Service.CLRStatsService].
2024-08-04 16:11:43.906 +08:00 [My_Service] [Information] Surging.Apm.Skywalking_V3.Service.SegmentReportService : Loaded instrument service [Surging.Apm.Skywalking_V3.Service.SegmentReportService].
2024-08-04 16:11:43.906 +08:00 [My_Service] [Information] Surging.Apm.Skywalking_V3.Transport.Grpc.ConnectService : Loaded instrument service [Surging.Apm.Skywalking_V3.Transport.Grpc.ConnectService].
2024-08-04 16:11:43.906 +08:00 [My_Service] [Information] Surging.Apm.Skywalking_V3.Sampling.SimpleCountSamplingInterceptor : Loaded instrument service [Surging.Apm.Skywalking_V3.Sampling.SimpleCountSamplingInterceptor].
2024-08-04 16:11:43.906 +08:00 [My_Service] [Information] Surging.Apm.Skywalking_V3.Transport.Grpc.ConnectService : Loaded instrument service [Surging.Apm.Skywalking_V3.Transport.Grpc.ConnectService].
2024-08-04 16:11:43.906 +08:00 [My_Service] [Information] Surging.Apm.Skywalking_V3.InstrumentStartup : Started SkyAPM .NET Core Agent.
2024-08-04 16:11:44.169 +08:00 [My_Service] [Information] Surging.Apm.Skywalking_V3.Diagnostics.TracingDiagnosticProcessorObserver : Loaded diagnostic listener [SurgingDiagnosticListener].
2024-08-04 16:11:44.170 +08:00 [My_Service] [Information] Surging.Apm.Skywalking_V3.Diagnostics.TracingDiagnosticProcessorObserver : Loaded diagnostic listener [SurgingDiagnosticListener].
2024-08-04 16:11:44.171 +08:00 [My_Service] [Information] Surging.Apm.Skywalking_V3.Diagnostics.TracingDiagnosticProcessorObserver : Loaded diagnostic listener [SurgingDiagnosticListener].
2024-08-04 16:11:45.160 +08:00 [My_Service] [Information] Surging.Apm.Skywalking_V3.Diagnostics.TracingDiagnosticProcessorObserver : Loaded diagnostic listener [SurgingDiagnosticListener].
2024-08-04 16:11:45.161 +08:00 [My_Service] [Information] Surging.Apm.Skywalking_V3.Diagnostics.TracingDiagnosticProcessorObserver : Loaded diagnostic listener [SurgingDiagnosticListener].
2024-08-04 16:11:45.161 +08:00 [My_Service] [Information] Surging.Apm.Skywalking_V3.Diagnostics.TracingDiagnosticProcessorObserver : Loaded diagnostic listener [SurgingDiagnosticListener].
2024-08-04 16:11:45.172 +08:00 [My_Service] [Information] Surging.Apm.Skywalking_V3.Diagnostics.TracingDiagnosticProcessorObserver : Loaded diagnostic listener [SurgingDiagnosticListener].
2024-08-04 16:11:45.172 +08:00 [My_Service] [Information] Surging.Apm.Skywalking_V3.Diagnostics.TracingDiagnosticProcessorObserver : Loaded diagnostic listener [SurgingDiagnosticListener].
2024-08-04 16:11:45.172 +08:00 [My_Service] [Information] Surging.Apm.Skywalking_V3.Diagnostics.TracingDiagnosticProcessorObserver : Loaded diagnostic listener [SurgingDiagnosticListener].
2024-08-04 16:13:41.900 +08:00 [My_Service] [Information] Surging.Apm.Skywalking_V3.InstrumentStartup : Initializing ...
2024-08-04 16:13:41.910 +08:00 [My_Service] [Information] Surging.Apm.Skywalking_V3.Service.RegisterService : Loaded instrument service [Surging.Apm.Skywalking_V3.Service.RegisterService].
2024-08-04 16:13:41.910 +08:00 [My_Service] [Information] Surging.Apm.Skywalking_V3.Service.PingService : Loaded instrument service [Surging.Apm.Skywalking_V3.Service.PingService].
2024-08-04 16:13:41.910 +08:00 [My_Service] [Information] Surging.Apm.Skywalking_V3.Service.CLRStatsService : Loaded instrument service [Surging.Apm.Skywalking_V3.Service.CLRStatsService].
2024-08-04 16:13:41.910 +08:00 [My_Service] [Information] Surging.Apm.Skywalking_V3.Service.SegmentReportService : Loaded instrument service [Surging.Apm.Skywalking_V3.Service.SegmentReportService].
2024-08-04 16:13:41.910 +08:00 [My_Service] [Information] Surging.Apm.Skywalking_V3.Transport.Grpc.ConnectService : Loaded instrument service [Surging.Apm.Skywalking_V3.Transport.Grpc.ConnectService].
2024-08-04 16:13:41.910 +08:00 [My_Service] [Information] Surging.Apm.Skywalking_V3.Sampling.SimpleCountSamplingInterceptor : Loaded instrument service [Surging.Apm.Skywalking_V3.Sampling.SimpleCountSamplingInterceptor].
2024-08-04 16:13:41.910 +08:00 [My_Service] [Information] Surging.Apm.Skywalking_V3.Transport.Grpc.ConnectService : Loaded instrument service [Surging.Apm.Skywalking_V3.Transport.Grpc.ConnectService].
2024-08-04 16:13:41.911 +08:00 [My_Service] [Information] Surging.Apm.Skywalking_V3.InstrumentStartup : Started SkyAPM .NET Core Agent.
2024-08-04 16:13:42.190 +08:00 [My_Service] [Information] Surging.Apm.Skywalking_V3.Diagnostics.TracingDiagnosticProcessorObserver : Loaded diagnostic listener [SurgingDiagnosticListener].
2024-08-04 16:13:42.190 +08:00 [My_Service] [Information] Surging.Apm.Skywalking_V3.Diagnostics.TracingDiagnosticProcessorObserver : Loaded diagnostic listener [SurgingDiagnosticListener].
2024-08-04 16:13:42.191 +08:00 [My_Service] [Information] Surging.Apm.Skywalking_V3.Diagnostics.TracingDiagnosticProcessorObserver : Loaded diagnostic listener [SurgingDiagnosticListener].
2024-08-04 16:13:44.393 +08:00 [My_Service] [Information] Surging.Apm.Skywalking_V3.Diagnostics.TracingDiagnosticProcessorObserver : Loaded diagnostic listener [SurgingDiagnosticListener].
2024-08-04 16:13:44.393 +08:00 [My_Service] [Information] Surging.Apm.Skywalking_V3.Diagnostics.TracingDiagnosticProcessorObserver : Loaded diagnostic listener [SurgingDiagnosticListener].
2024-08-04 16:13:44.393 +08:00 [My_Service] [Information] Surging.Apm.Skywalking_V3.Diagnostics.TracingDiagnosticProcessorObserver : Loaded diagnostic listener [SurgingDiagnosticListener].
2024-08-04 16:13:44.402 +08:00 [My_Service] [Information] Surging.Apm.Skywalking_V3.Diagnostics.TracingDiagnosticProcessorObserver : Loaded diagnostic listener [SurgingDiagnosticListener].
2024-08-04 16:13:44.402 +08:00 [My_Service] [Information] Surging.Apm.Skywalking_V3.Diagnostics.TracingDiagnosticProcessorObserver : Loaded diagnostic listener [SurgingDiagnosticListener].
2024-08-04 16:13:44.402 +08:00 [My_Service] [Information] Surging.Apm.Skywalking_V3.Diagnostics.TracingDiagnosticProcessorObserver : Loaded diagnostic listener [SurgingDiagnosticListener].
2024-08-04 16:13:51.992 +08:00 [My_Service] [Error] Surging.Apm.Skywalking_V3.Transport.Grpc.ConnectionManager : Connect server timeout.
System.Threading.Tasks.TaskCanceledException: Reached deadline.
   at Grpc.Core.Channel.WaitForStateChangedAsync(ChannelState lastObservedState, Nullable`1 deadline)
   at Grpc.Core.Channel.ConnectAsync(Nullable`1 deadline)
   at Surging.Apm.Skywalking_V3.Transport.Grpc.ConnectionManager.ConnectAsync() in E:\kayak\src\surging\Surging.Apm\SkyApm_V3\Surging.Apm.Skywalking_V3\Transport\Grpc\ConnectionManager.cs:line 69
2024-08-04 16:13:52.006 +08:00 [My_Service] [Information] Surging.Apm.Skywalking_V3.Transport.Grpc.ConnectionManager : Shutdown connection[localhost:11800].
2024-08-04 16:14:02.016 +08:00 [My_Service] [Error] Surging.Apm.Skywalking_V3.Transport.Grpc.ConnectionManager : Connect server timeout.
System.Threading.Tasks.TaskCanceledException: Reached deadline.
   at Grpc.Core.Channel.WaitForStateChangedAsync(ChannelState lastObservedState, Nullable`1 deadline)
   at Grpc.Core.Channel.ConnectAsync(Nullable`1 deadline)
   at Surging.Apm.Skywalking_V3.Transport.Grpc.ConnectionManager.ConnectAsync() in E:\kayak\src\surging\Surging.Apm\SkyApm_V3\Surging.Apm.Skywalking_V3\Transport\Grpc\ConnectionManager.cs:line 69
2024-08-04 16:14:02.017 +08:00 [My_Service] [Information] Surging.Apm.Skywalking_V3.Transport.Grpc.ConnectionManager : Shutdown connection[localhost:11800].
2024-08-04 16:14:12.023 +08:00 [My_Service] [Error] Surging.Apm.Skywalking_V3.Transport.Grpc.ConnectionManager : Connect server timeout.
System.Threading.Tasks.TaskCanceledException: Reached deadline.
   at Grpc.Core.Channel.WaitForStateChangedAsync(ChannelState lastObservedState, Nullable`1 deadline)
   at Grpc.Core.Channel.ConnectAsync(Nullable`1 deadline)
   at Surging.Apm.Skywalking_V3.Transport.Grpc.ConnectionManager.ConnectAsync() in E:\kayak\src\surging\Surging.Apm\SkyApm_V3\Surging.Apm.Skywalking_V3\Transport\Grpc\ConnectionManager.cs:line 69
2024-08-04 16:14:12.024 +08:00 [My_Service] [Information] Surging.Apm.Skywalking_V3.Transport.Grpc.ConnectionManager : Shutdown connection[localhost:11800].
2024-08-04 16:14:22.029 +08:00 [My_Service] [Error] Surging.Apm.Skywalking_V3.Transport.Grpc.ConnectionManager : Connect server timeout.
System.Threading.Tasks.TaskCanceledException: Reached deadline.
   at Grpc.Core.Channel.WaitForStateChangedAsync(ChannelState lastObservedState, Nullable`1 deadline)
   at Grpc.Core.Channel.ConnectAsync(Nullable`1 deadline)
   at Surging.Apm.Skywalking_V3.Transport.Grpc.ConnectionManager.ConnectAsync() in E:\kayak\src\surging\Surging.Apm\SkyApm_V3\Surging.Apm.Skywalking_V3\Transport\Grpc\ConnectionManager.cs:line 69
2024-08-04 16:14:22.029 +08:00 [My_Service] [Information] Surging.Apm.Skywalking_V3.Transport.Grpc.ConnectionManager : Shutdown connection[localhost:11800].
2024-08-04 16:14:32.034 +08:00 [My_Service] [Error] Surging.Apm.Skywalking_V3.Transport.Grpc.ConnectionManager : Connect server timeout.
System.Threading.Tasks.TaskCanceledException: Reached deadline.
   at Grpc.Core.Channel.WaitForStateChangedAsync(ChannelState lastObservedState, Nullable`1 deadline)
   at Grpc.Core.Channel.ConnectAsync(Nullable`1 deadline)
   at Surging.Apm.Skywalking_V3.Transport.Grpc.ConnectionManager.ConnectAsync() in E:\kayak\src\surging\Surging.Apm\SkyApm_V3\Surging.Apm.Skywalking_V3\Transport\Grpc\ConnectionManager.cs:line 69
2024-08-04 16:14:32.034 +08:00 [My_Service] [Information] Surging.Apm.Skywalking_V3.Transport.Grpc.ConnectionManager : Shutdown connection[localhost:11800].
2024-08-04 16:14:42.042 +08:00 [My_Service] [Error] Surging.Apm.Skywalking_V3.Transport.Grpc.ConnectionManager : Connect server timeout.
System.Threading.Tasks.TaskCanceledException: Reached deadline.
   at Grpc.Core.Channel.WaitForStateChangedAsync(ChannelState lastObservedState, Nullable`1 deadline)
   at Grpc.Core.Channel.ConnectAsync(Nullable`1 deadline)
   at Surging.Apm.Skywalking_V3.Transport.Grpc.ConnectionManager.ConnectAsync() in E:\kayak\src\surging\Surging.Apm\SkyApm_V3\Surging.Apm.Skywalking_V3\Transport\Grpc\ConnectionManager.cs:line 69
2024-08-04 16:14:42.043 +08:00 [My_Service] [Information] Surging.Apm.Skywalking_V3.Transport.Grpc.ConnectionManager : Shutdown connection[localhost:11800].
2024-08-04 16:14:52.059 +08:00 [My_Service] [Error] Surging.Apm.Skywalking_V3.Transport.Grpc.ConnectionManager : Connect server timeout.
System.Threading.Tasks.TaskCanceledException: Reached deadline.
   at Grpc.Core.Channel.WaitForStateChangedAsync(ChannelState lastObservedState, Nullable`1 deadline)
   at Grpc.Core.Channel.ConnectAsync(Nullable`1 deadline)
   at Surging.Apm.Skywalking_V3.Transport.Grpc.ConnectionManager.ConnectAsync() in E:\kayak\src\surging\Surging.Apm\SkyApm_V3\Surging.Apm.Skywalking_V3\Transport\Grpc\ConnectionManager.cs:line 69
2024-08-04 16:14:52.059 +08:00 [My_Service] [Information] Surging.Apm.Skywalking_V3.Transport.Grpc.ConnectionManager : Shutdown connection[localhost:11800].
2024-08-04 16:15:02.062 +08:00 [My_Service] [Error] Surging.Apm.Skywalking_V3.Transport.Grpc.ConnectionManager : Connect server timeout.
System.Threading.Tasks.TaskCanceledException: Reached deadline.
   at Grpc.Core.Channel.WaitForStateChangedAsync(ChannelState lastObservedState, Nullable`1 deadline)
   at Grpc.Core.Channel.ConnectAsync(Nullable`1 deadline)
   at Surging.Apm.Skywalking_V3.Transport.Grpc.ConnectionManager.ConnectAsync() in E:\kayak\src\surging\Surging.Apm\SkyApm_V3\Surging.Apm.Skywalking_V3\Transport\Grpc\ConnectionManager.cs:line 69
2024-08-04 16:15:02.062 +08:00 [My_Service] [Information] Surging.Apm.Skywalking_V3.Transport.Grpc.ConnectionManager : Shutdown connection[localhost:11800].
2024-08-04 16:15:12.074 +08:00 [My_Service] [Error] Surging.Apm.Skywalking_V3.Transport.Grpc.ConnectionManager : Connect server timeout.
System.Threading.Tasks.TaskCanceledException: Reached deadline.
   at Grpc.Core.Channel.WaitForStateChangedAsync(ChannelState lastObservedState, Nullable`1 deadline)
   at Grpc.Core.Channel.ConnectAsync(Nullable`1 deadline)
   at Surging.Apm.Skywalking_V3.Transport.Grpc.ConnectionManager.ConnectAsync() in E:\kayak\src\surging\Surging.Apm\SkyApm_V3\Surging.Apm.Skywalking_V3\Transport\Grpc\ConnectionManager.cs:line 69
2024-08-04 16:15:12.074 +08:00 [My_Service] [Information] Surging.Apm.Skywalking_V3.Transport.Grpc.ConnectionManager : Shutdown connection[localhost:11800].
2024-08-04 16:15:22.076 +08:00 [My_Service] [Error] Surging.Apm.Skywalking_V3.Transport.Grpc.ConnectionManager : Connect server timeout.
System.Threading.Tasks.TaskCanceledException: Reached deadline.
   at Grpc.Core.Channel.WaitForStateChangedAsync(ChannelState lastObservedState, Nullable`1 deadline)
   at Grpc.Core.Channel.ConnectAsync(Nullable`1 deadline)
   at Surging.Apm.Skywalking_V3.Transport.Grpc.ConnectionManager.ConnectAsync() in E:\kayak\src\surging\Surging.Apm\SkyApm_V3\Surging.Apm.Skywalking_V3\Transport\Grpc\ConnectionManager.cs:line 69
2024-08-04 16:15:22.076 +08:00 [My_Service] [Information] Surging.Apm.Skywalking_V3.Transport.Grpc.ConnectionManager : Shutdown connection[localhost:11800].
2024-08-04 16:15:32.085 +08:00 [My_Service] [Error] Surging.Apm.Skywalking_V3.Transport.Grpc.ConnectionManager : Connect server timeout.
System.Threading.Tasks.TaskCanceledException: Reached deadline.
   at Grpc.Core.Channel.WaitForStateChangedAsync(ChannelState lastObservedState, Nullable`1 deadline)
   at Grpc.Core.Channel.ConnectAsync(Nullable`1 deadline)
   at Surging.Apm.Skywalking_V3.Transport.Grpc.ConnectionManager.ConnectAsync() in E:\kayak\src\surging\Surging.Apm\SkyApm_V3\Surging.Apm.Skywalking_V3\Transport\Grpc\ConnectionManager.cs:line 69
2024-08-04 16:15:32.085 +08:00 [My_Service] [Information] Surging.Apm.Skywalking_V3.Transport.Grpc.ConnectionManager : Shutdown connection[localhost:11800].
2024-08-04 16:15:42.097 +08:00 [My_Service] [Error] Surging.Apm.Skywalking_V3.Transport.Grpc.ConnectionManager : Connect server timeout.
System.Threading.Tasks.TaskCanceledException: Reached deadline.
   at Grpc.Core.Channel.WaitForStateChangedAsync(ChannelState lastObservedState, Nullable`1 deadline)
   at Grpc.Core.Channel.ConnectAsync(Nullable`1 deadline)
   at Surging.Apm.Skywalking_V3.Transport.Grpc.ConnectionManager.ConnectAsync() in E:\kayak\src\surging\Surging.Apm\SkyApm_V3\Surging.Apm.Skywalking_V3\Transport\Grpc\ConnectionManager.cs:line 69
2024-08-04 16:15:42.097 +08:00 [My_Service] [Information] Surging.Apm.Skywalking_V3.Transport.Grpc.ConnectionManager : Shutdown connection[localhost:11800].
2024-08-04 16:15:52.108 +08:00 [My_Service] [Error] Surging.Apm.Skywalking_V3.Transport.Grpc.ConnectionManager : Connect server timeout.
System.Threading.Tasks.TaskCanceledException: Reached deadline.
   at Grpc.Core.Channel.WaitForStateChangedAsync(ChannelState lastObservedState, Nullable`1 deadline)
   at Grpc.Core.Channel.ConnectAsync(Nullable`1 deadline)
   at Surging.Apm.Skywalking_V3.Transport.Grpc.ConnectionManager.ConnectAsync() in E:\kayak\src\surging\Surging.Apm\SkyApm_V3\Surging.Apm.Skywalking_V3\Transport\Grpc\ConnectionManager.cs:line 69
2024-08-04 16:15:52.109 +08:00 [My_Service] [Information] Surging.Apm.Skywalking_V3.Transport.Grpc.ConnectionManager : Shutdown connection[localhost:11800].
2024-08-04 16:16:02.112 +08:00 [My_Service] [Error] Surging.Apm.Skywalking_V3.Transport.Grpc.ConnectionManager : Connect server timeout.
System.Threading.Tasks.TaskCanceledException: Reached deadline.
   at Grpc.Core.Channel.WaitForStateChangedAsync(ChannelState lastObservedState, Nullable`1 deadline)
   at Grpc.Core.Channel.ConnectAsync(Nullable`1 deadline)
   at Surging.Apm.Skywalking_V3.Transport.Grpc.ConnectionManager.ConnectAsync() in E:\kayak\src\surging\Surging.Apm\SkyApm_V3\Surging.Apm.Skywalking_V3\Transport\Grpc\ConnectionManager.cs:line 69
2024-08-04 16:16:02.112 +08:00 [My_Service] [Information] Surging.Apm.Skywalking_V3.Transport.Grpc.ConnectionManager : Shutdown connection[localhost:11800].
2024-08-04 16:16:12.127 +08:00 [My_Service] [Error] Surging.Apm.Skywalking_V3.Transport.Grpc.ConnectionManager : Connect server timeout.
System.Threading.Tasks.TaskCanceledException: Reached deadline.
   at Grpc.Core.Channel.WaitForStateChangedAsync(ChannelState lastObservedState, Nullable`1 deadline)
   at Grpc.Core.Channel.ConnectAsync(Nullable`1 deadline)
   at Surging.Apm.Skywalking_V3.Transport.Grpc.ConnectionManager.ConnectAsync() in E:\kayak\src\surging\Surging.Apm\SkyApm_V3\Surging.Apm.Skywalking_V3\Transport\Grpc\ConnectionManager.cs:line 69
2024-08-04 16:16:12.127 +08:00 [My_Service] [Information] Surging.Apm.Skywalking_V3.Transport.Grpc.ConnectionManager : Shutdown connection[localhost:11800].
2024-08-04 16:16:22.133 +08:00 [My_Service] [Error] Surging.Apm.Skywalking_V3.Transport.Grpc.ConnectionManager : Connect server timeout.
System.Threading.Tasks.TaskCanceledException: Reached deadline.
   at Grpc.Core.Channel.WaitForStateChangedAsync(ChannelState lastObservedState, Nullable`1 deadline)
   at Grpc.Core.Channel.ConnectAsync(Nullable`1 deadline)
   at Surging.Apm.Skywalking_V3.Transport.Grpc.ConnectionManager.ConnectAsync() in E:\kayak\src\surging\Surging.Apm\SkyApm_V3\Surging.Apm.Skywalking_V3\Transport\Grpc\ConnectionManager.cs:line 69
2024-08-04 16:16:22.133 +08:00 [My_Service] [Information] Surging.Apm.Skywalking_V3.Transport.Grpc.ConnectionManager : Shutdown connection[localhost:11800].
2024-08-04 16:16:32.137 +08:00 [My_Service] [Error] Surging.Apm.Skywalking_V3.Transport.Grpc.ConnectionManager : Connect server timeout.
System.Threading.Tasks.TaskCanceledException: Reached deadline.
   at Grpc.Core.Channel.WaitForStateChangedAsync(ChannelState lastObservedState, Nullable`1 deadline)
   at Grpc.Core.Channel.ConnectAsync(Nullable`1 deadline)
   at Surging.Apm.Skywalking_V3.Transport.Grpc.ConnectionManager.ConnectAsync() in E:\kayak\src\surging\Surging.Apm\SkyApm_V3\Surging.Apm.Skywalking_V3\Transport\Grpc\ConnectionManager.cs:line 69
2024-08-04 16:16:32.137 +08:00 [My_Service] [Information] Surging.Apm.Skywalking_V3.Transport.Grpc.ConnectionManager : Shutdown connection[localhost:11800].
2024-08-04 16:16:42.154 +08:00 [My_Service] [Error] Surging.Apm.Skywalking_V3.Transport.Grpc.ConnectionManager : Connect server timeout.
System.Threading.Tasks.TaskCanceledException: Reached deadline.
   at Grpc.Core.Channel.WaitForStateChangedAsync(ChannelState lastObservedState, Nullable`1 deadline)
   at Grpc.Core.Channel.ConnectAsync(Nullable`1 deadline)
   at Surging.Apm.Skywalking_V3.Transport.Grpc.ConnectionManager.ConnectAsync() in E:\kayak\src\surging\Surging.Apm\SkyApm_V3\Surging.Apm.Skywalking_V3\Transport\Grpc\ConnectionManager.cs:line 69
2024-08-04 16:16:42.155 +08:00 [My_Service] [Information] Surging.Apm.Skywalking_V3.Transport.Grpc.ConnectionManager : Shutdown connection[localhost:11800].
2024-08-04 16:16:52.161 +08:00 [My_Service] [Error] Surging.Apm.Skywalking_V3.Transport.Grpc.ConnectionManager : Connect server timeout.
System.Threading.Tasks.TaskCanceledException: Reached deadline.
   at Grpc.Core.Channel.WaitForStateChangedAsync(ChannelState lastObservedState, Nullable`1 deadline)
   at Grpc.Core.Channel.ConnectAsync(Nullable`1 deadline)
   at Surging.Apm.Skywalking_V3.Transport.Grpc.ConnectionManager.ConnectAsync() in E:\kayak\src\surging\Surging.Apm\SkyApm_V3\Surging.Apm.Skywalking_V3\Transport\Grpc\ConnectionManager.cs:line 69
2024-08-04 16:16:52.161 +08:00 [My_Service] [Information] Surging.Apm.Skywalking_V3.Transport.Grpc.ConnectionManager : Shutdown connection[localhost:11800].
2024-08-04 16:17:02.163 +08:00 [My_Service] [Error] Surging.Apm.Skywalking_V3.Transport.Grpc.ConnectionManager : Connect server timeout.
System.Threading.Tasks.TaskCanceledException: Reached deadline.
   at Grpc.Core.Channel.WaitForStateChangedAsync(ChannelState lastObservedState, Nullable`1 deadline)
   at Grpc.Core.Channel.ConnectAsync(Nullable`1 deadline)
   at Surging.Apm.Skywalking_V3.Transport.Grpc.ConnectionManager.ConnectAsync() in E:\kayak\src\surging\Surging.Apm\SkyApm_V3\Surging.Apm.Skywalking_V3\Transport\Grpc\ConnectionManager.cs:line 69
2024-08-04 16:17:02.163 +08:00 [My_Service] [Information] Surging.Apm.Skywalking_V3.Transport.Grpc.ConnectionManager : Shutdown connection[localhost:11800].
2024-08-04 16:17:12.173 +08:00 [My_Service] [Error] Surging.Apm.Skywalking_V3.Transport.Grpc.ConnectionManager : Connect server timeout.
System.Threading.Tasks.TaskCanceledException: Reached deadline.
   at Grpc.Core.Channel.WaitForStateChangedAsync(ChannelState lastObservedState, Nullable`1 deadline)
   at Grpc.Core.Channel.ConnectAsync(Nullable`1 deadline)
   at Surging.Apm.Skywalking_V3.Transport.Grpc.ConnectionManager.ConnectAsync() in E:\kayak\src\surging\Surging.Apm\SkyApm_V3\Surging.Apm.Skywalking_V3\Transport\Grpc\ConnectionManager.cs:line 69
2024-08-04 16:17:12.173 +08:00 [My_Service] [Information] Surging.Apm.Skywalking_V3.Transport.Grpc.ConnectionManager : Shutdown connection[localhost:11800].
2024-08-04 16:17:22.180 +08:00 [My_Service] [Error] Surging.Apm.Skywalking_V3.Transport.Grpc.ConnectionManager : Connect server timeout.
System.Threading.Tasks.TaskCanceledException: Reached deadline.
   at Grpc.Core.Channel.WaitForStateChangedAsync(ChannelState lastObservedState, Nullable`1 deadline)
   at Grpc.Core.Channel.ConnectAsync(Nullable`1 deadline)
   at Surging.Apm.Skywalking_V3.Transport.Grpc.ConnectionManager.ConnectAsync() in E:\kayak\src\surging\Surging.Apm\SkyApm_V3\Surging.Apm.Skywalking_V3\Transport\Grpc\ConnectionManager.cs:line 69
2024-08-04 16:17:22.181 +08:00 [My_Service] [Information] Surging.Apm.Skywalking_V3.Transport.Grpc.ConnectionManager : Shutdown connection[localhost:11800].
2024-08-04 16:17:32.185 +08:00 [My_Service] [Error] Surging.Apm.Skywalking_V3.Transport.Grpc.ConnectionManager : Connect server timeout.
System.Threading.Tasks.TaskCanceledException: Reached deadline.
   at Grpc.Core.Channel.WaitForStateChangedAsync(ChannelState lastObservedState, Nullable`1 deadline)
   at Grpc.Core.Channel.ConnectAsync(Nullable`1 deadline)
   at Surging.Apm.Skywalking_V3.Transport.Grpc.ConnectionManager.ConnectAsync() in E:\kayak\src\surging\Surging.Apm\SkyApm_V3\Surging.Apm.Skywalking_V3\Transport\Grpc\ConnectionManager.cs:line 69
2024-08-04 16:17:32.186 +08:00 [My_Service] [Information] Surging.Apm.Skywalking_V3.Transport.Grpc.ConnectionManager : Shutdown connection[localhost:11800].
2024-08-04 16:17:42.189 +08:00 [My_Service] [Error] Surging.Apm.Skywalking_V3.Transport.Grpc.ConnectionManager : Connect server timeout.
System.Threading.Tasks.TaskCanceledException: Reached deadline.
   at Grpc.Core.Channel.WaitForStateChangedAsync(ChannelState lastObservedState, Nullable`1 deadline)
   at Grpc.Core.Channel.ConnectAsync(Nullable`1 deadline)
   at Surging.Apm.Skywalking_V3.Transport.Grpc.ConnectionManager.ConnectAsync() in E:\kayak\src\surging\Surging.Apm\SkyApm_V3\Surging.Apm.Skywalking_V3\Transport\Grpc\ConnectionManager.cs:line 69
2024-08-04 16:17:42.189 +08:00 [My_Service] [Information] Surging.Apm.Skywalking_V3.Transport.Grpc.ConnectionManager : Shutdown connection[localhost:11800].
2024-08-04 16:17:52.199 +08:00 [My_Service] [Error] Surging.Apm.Skywalking_V3.Transport.Grpc.ConnectionManager : Connect server timeout.
System.Threading.Tasks.TaskCanceledException: Reached deadline.
   at Grpc.Core.Channel.WaitForStateChangedAsync(ChannelState lastObservedState, Nullable`1 deadline)
   at Grpc.Core.Channel.ConnectAsync(Nullable`1 deadline)
   at Surging.Apm.Skywalking_V3.Transport.Grpc.ConnectionManager.ConnectAsync() in E:\kayak\src\surging\Surging.Apm\SkyApm_V3\Surging.Apm.Skywalking_V3\Transport\Grpc\ConnectionManager.cs:line 69
2024-08-04 16:17:52.199 +08:00 [My_Service] [Information] Surging.Apm.Skywalking_V3.Transport.Grpc.ConnectionManager : Shutdown connection[localhost:11800].
2024-08-04 16:18:02.210 +08:00 [My_Service] [Error] Surging.Apm.Skywalking_V3.Transport.Grpc.ConnectionManager : Connect server timeout.
System.Threading.Tasks.TaskCanceledException: Reached deadline.
   at Grpc.Core.Channel.WaitForStateChangedAsync(ChannelState lastObservedState, Nullable`1 deadline)
   at Grpc.Core.Channel.ConnectAsync(Nullable`1 deadline)
   at Surging.Apm.Skywalking_V3.Transport.Grpc.ConnectionManager.ConnectAsync() in E:\kayak\src\surging\Surging.Apm\SkyApm_V3\Surging.Apm.Skywalking_V3\Transport\Grpc\ConnectionManager.cs:line 69
2024-08-04 16:18:02.210 +08:00 [My_Service] [Information] Surging.Apm.Skywalking_V3.Transport.Grpc.ConnectionManager : Shutdown connection[localhost:11800].
2024-08-04 16:18:12.213 +08:00 [My_Service] [Error] Surging.Apm.Skywalking_V3.Transport.Grpc.ConnectionManager : Connect server timeout.
System.Threading.Tasks.TaskCanceledException: Reached deadline.
   at Grpc.Core.Channel.WaitForStateChangedAsync(ChannelState lastObservedState, Nullable`1 deadline)
   at Grpc.Core.Channel.ConnectAsync(Nullable`1 deadline)
   at Surging.Apm.Skywalking_V3.Transport.Grpc.ConnectionManager.ConnectAsync() in E:\kayak\src\surging\Surging.Apm\SkyApm_V3\Surging.Apm.Skywalking_V3\Transport\Grpc\ConnectionManager.cs:line 69
2024-08-04 16:18:12.213 +08:00 [My_Service] [Information] Surging.Apm.Skywalking_V3.Transport.Grpc.ConnectionManager : Shutdown connection[localhost:11800].
2024-08-04 16:18:22.222 +08:00 [My_Service] [Error] Surging.Apm.Skywalking_V3.Transport.Grpc.ConnectionManager : Connect server timeout.
System.Threading.Tasks.TaskCanceledException: Reached deadline.
   at Grpc.Core.Channel.WaitForStateChangedAsync(ChannelState lastObservedState, Nullable`1 deadline)
   at Grpc.Core.Channel.ConnectAsync(Nullable`1 deadline)
   at Surging.Apm.Skywalking_V3.Transport.Grpc.ConnectionManager.ConnectAsync() in E:\kayak\src\surging\Surging.Apm\SkyApm_V3\Surging.Apm.Skywalking_V3\Transport\Grpc\ConnectionManager.cs:line 69
2024-08-04 16:18:22.222 +08:00 [My_Service] [Information] Surging.Apm.Skywalking_V3.Transport.Grpc.ConnectionManager : Shutdown connection[localhost:11800].
2024-08-04 16:18:32.238 +08:00 [My_Service] [Error] Surging.Apm.Skywalking_V3.Transport.Grpc.ConnectionManager : Connect server timeout.
System.Threading.Tasks.TaskCanceledException: Reached deadline.
   at Grpc.Core.Channel.WaitForStateChangedAsync(ChannelState lastObservedState, Nullable`1 deadline)
   at Grpc.Core.Channel.ConnectAsync(Nullable`1 deadline)
   at Surging.Apm.Skywalking_V3.Transport.Grpc.ConnectionManager.ConnectAsync() in E:\kayak\src\surging\Surging.Apm\SkyApm_V3\Surging.Apm.Skywalking_V3\Transport\Grpc\ConnectionManager.cs:line 69
2024-08-04 16:18:32.238 +08:00 [My_Service] [Information] Surging.Apm.Skywalking_V3.Transport.Grpc.ConnectionManager : Shutdown connection[localhost:11800].
2024-08-04 16:18:42.242 +08:00 [My_Service] [Error] Surging.Apm.Skywalking_V3.Transport.Grpc.ConnectionManager : Connect server timeout.
System.Threading.Tasks.TaskCanceledException: Reached deadline.
   at Grpc.Core.Channel.WaitForStateChangedAsync(ChannelState lastObservedState, Nullable`1 deadline)
   at Grpc.Core.Channel.ConnectAsync(Nullable`1 deadline)
   at Surging.Apm.Skywalking_V3.Transport.Grpc.ConnectionManager.ConnectAsync() in E:\kayak\src\surging\Surging.Apm\SkyApm_V3\Surging.Apm.Skywalking_V3\Transport\Grpc\ConnectionManager.cs:line 69
2024-08-04 16:18:42.242 +08:00 [My_Service] [Information] Surging.Apm.Skywalking_V3.Transport.Grpc.ConnectionManager : Shutdown connection[localhost:11800].
2024-08-04 16:18:52.244 +08:00 [My_Service] [Error] Surging.Apm.Skywalking_V3.Transport.Grpc.ConnectionManager : Connect server timeout.
System.Threading.Tasks.TaskCanceledException: Reached deadline.
   at Grpc.Core.Channel.WaitForStateChangedAsync(ChannelState lastObservedState, Nullable`1 deadline)
   at Grpc.Core.Channel.ConnectAsync(Nullable`1 deadline)
   at Surging.Apm.Skywalking_V3.Transport.Grpc.ConnectionManager.ConnectAsync() in E:\kayak\src\surging\Surging.Apm\SkyApm_V3\Surging.Apm.Skywalking_V3\Transport\Grpc\ConnectionManager.cs:line 69
2024-08-04 16:18:52.244 +08:00 [My_Service] [Information] Surging.Apm.Skywalking_V3.Transport.Grpc.ConnectionManager : Shutdown connection[localhost:11800].
2024-08-04 16:19:02.261 +08:00 [My_Service] [Error] Surging.Apm.Skywalking_V3.Transport.Grpc.ConnectionManager : Connect server timeout.
System.Threading.Tasks.TaskCanceledException: Reached deadline.
   at Grpc.Core.Channel.WaitForStateChangedAsync(ChannelState lastObservedState, Nullable`1 deadline)
   at Grpc.Core.Channel.ConnectAsync(Nullable`1 deadline)
   at Surging.Apm.Skywalking_V3.Transport.Grpc.ConnectionManager.ConnectAsync() in E:\kayak\src\surging\Surging.Apm\SkyApm_V3\Surging.Apm.Skywalking_V3\Transport\Grpc\ConnectionManager.cs:line 69
2024-08-04 16:19:02.261 +08:00 [My_Service] [Information] Surging.Apm.Skywalking_V3.Transport.Grpc.ConnectionManager : Shutdown connection[localhost:11800].
2024-08-04 16:19:12.276 +08:00 [My_Service] [Error] Surging.Apm.Skywalking_V3.Transport.Grpc.ConnectionManager : Connect server timeout.
System.Threading.Tasks.TaskCanceledException: Reached deadline.
   at Grpc.Core.Channel.WaitForStateChangedAsync(ChannelState lastObservedState, Nullable`1 deadline)
   at Grpc.Core.Channel.ConnectAsync(Nullable`1 deadline)
   at Surging.Apm.Skywalking_V3.Transport.Grpc.ConnectionManager.ConnectAsync() in E:\kayak\src\surging\Surging.Apm\SkyApm_V3\Surging.Apm.Skywalking_V3\Transport\Grpc\ConnectionManager.cs:line 69
2024-08-04 16:19:12.276 +08:00 [My_Service] [Information] Surging.Apm.Skywalking_V3.Transport.Grpc.ConnectionManager : Shutdown connection[localhost:11800].
2024-08-04 16:19:22.290 +08:00 [My_Service] [Error] Surging.Apm.Skywalking_V3.Transport.Grpc.ConnectionManager : Connect server timeout.
System.Threading.Tasks.TaskCanceledException: Reached deadline.
   at Grpc.Core.Channel.WaitForStateChangedAsync(ChannelState lastObservedState, Nullable`1 deadline)
   at Grpc.Core.Channel.ConnectAsync(Nullable`1 deadline)
   at Surging.Apm.Skywalking_V3.Transport.Grpc.ConnectionManager.ConnectAsync() in E:\kayak\src\surging\Surging.Apm\SkyApm_V3\Surging.Apm.Skywalking_V3\Transport\Grpc\ConnectionManager.cs:line 69
2024-08-04 16:19:22.290 +08:00 [My_Service] [Information] Surging.Apm.Skywalking_V3.Transport.Grpc.ConnectionManager : Shutdown connection[localhost:11800].
2024-08-04 16:19:32.294 +08:00 [My_Service] [Error] Surging.Apm.Skywalking_V3.Transport.Grpc.ConnectionManager : Connect server timeout.
System.Threading.Tasks.TaskCanceledException: Reached deadline.
   at Grpc.Core.Channel.WaitForStateChangedAsync(ChannelState lastObservedState, Nullable`1 deadline)
   at Grpc.Core.Channel.ConnectAsync(Nullable`1 deadline)
   at Surging.Apm.Skywalking_V3.Transport.Grpc.ConnectionManager.ConnectAsync() in E:\kayak\src\surging\Surging.Apm\SkyApm_V3\Surging.Apm.Skywalking_V3\Transport\Grpc\ConnectionManager.cs:line 69
2024-08-04 16:19:32.294 +08:00 [My_Service] [Information] Surging.Apm.Skywalking_V3.Transport.Grpc.ConnectionManager : Shutdown connection[localhost:11800].
2024-08-04 16:19:42.309 +08:00 [My_Service] [Error] Surging.Apm.Skywalking_V3.Transport.Grpc.ConnectionManager : Connect server timeout.
System.Threading.Tasks.TaskCanceledException: Reached deadline.
   at Grpc.Core.Channel.WaitForStateChangedAsync(ChannelState lastObservedState, Nullable`1 deadline)
   at Grpc.Core.Channel.ConnectAsync(Nullable`1 deadline)
   at Surging.Apm.Skywalking_V3.Transport.Grpc.ConnectionManager.ConnectAsync() in E:\kayak\src\surging\Surging.Apm\SkyApm_V3\Surging.Apm.Skywalking_V3\Transport\Grpc\ConnectionManager.cs:line 69
2024-08-04 16:19:42.309 +08:00 [My_Service] [Information] Surging.Apm.Skywalking_V3.Transport.Grpc.ConnectionManager : Shutdown connection[localhost:11800].
2024-08-04 16:19:52.315 +08:00 [My_Service] [Error] Surging.Apm.Skywalking_V3.Transport.Grpc.ConnectionManager : Connect server timeout.
System.Threading.Tasks.TaskCanceledException: Reached deadline.
   at Grpc.Core.Channel.WaitForStateChangedAsync(ChannelState lastObservedState, Nullable`1 deadline)
   at Grpc.Core.Channel.ConnectAsync(Nullable`1 deadline)
   at Surging.Apm.Skywalking_V3.Transport.Grpc.ConnectionManager.ConnectAsync() in E:\kayak\src\surging\Surging.Apm\SkyApm_V3\Surging.Apm.Skywalking_V3\Transport\Grpc\ConnectionManager.cs:line 69
2024-08-04 16:19:52.315 +08:00 [My_Service] [Information] Surging.Apm.Skywalking_V3.Transport.Grpc.ConnectionManager : Shutdown connection[localhost:11800].
2024-08-04 16:20:02.322 +08:00 [My_Service] [Error] Surging.Apm.Skywalking_V3.Transport.Grpc.ConnectionManager : Connect server timeout.
System.Threading.Tasks.TaskCanceledException: Reached deadline.
   at Grpc.Core.Channel.WaitForStateChangedAsync(ChannelState lastObservedState, Nullable`1 deadline)
   at Grpc.Core.Channel.ConnectAsync(Nullable`1 deadline)
   at Surging.Apm.Skywalking_V3.Transport.Grpc.ConnectionManager.ConnectAsync() in E:\kayak\src\surging\Surging.Apm\SkyApm_V3\Surging.Apm.Skywalking_V3\Transport\Grpc\ConnectionManager.cs:line 69
2024-08-04 16:20:02.322 +08:00 [My_Service] [Information] Surging.Apm.Skywalking_V3.Transport.Grpc.ConnectionManager : Shutdown connection[localhost:11800].
2024-08-04 16:20:12.340 +08:00 [My_Service] [Error] Surging.Apm.Skywalking_V3.Transport.Grpc.ConnectionManager : Connect server timeout.
System.Threading.Tasks.TaskCanceledException: Reached deadline.
   at Grpc.Core.Channel.WaitForStateChangedAsync(ChannelState lastObservedState, Nullable`1 deadline)
   at Grpc.Core.Channel.ConnectAsync(Nullable`1 deadline)
   at Surging.Apm.Skywalking_V3.Transport.Grpc.ConnectionManager.ConnectAsync() in E:\kayak\src\surging\Surging.Apm\SkyApm_V3\Surging.Apm.Skywalking_V3\Transport\Grpc\ConnectionManager.cs:line 69
2024-08-04 16:20:12.340 +08:00 [My_Service] [Information] Surging.Apm.Skywalking_V3.Transport.Grpc.ConnectionManager : Shutdown connection[localhost:11800].
2024-08-04 16:20:22.356 +08:00 [My_Service] [Error] Surging.Apm.Skywalking_V3.Transport.Grpc.ConnectionManager : Connect server timeout.
System.Threading.Tasks.TaskCanceledException: Reached deadline.
   at Grpc.Core.Channel.WaitForStateChangedAsync(ChannelState lastObservedState, Nullable`1 deadline)
   at Grpc.Core.Channel.ConnectAsync(Nullable`1 deadline)
   at Surging.Apm.Skywalking_V3.Transport.Grpc.ConnectionManager.ConnectAsync() in E:\kayak\src\surging\Surging.Apm\SkyApm_V3\Surging.Apm.Skywalking_V3\Transport\Grpc\ConnectionManager.cs:line 69
2024-08-04 16:20:22.356 +08:00 [My_Service] [Information] Surging.Apm.Skywalking_V3.Transport.Grpc.ConnectionManager : Shutdown connection[localhost:11800].
2024-08-04 16:20:32.360 +08:00 [My_Service] [Error] Surging.Apm.Skywalking_V3.Transport.Grpc.ConnectionManager : Connect server timeout.
System.Threading.Tasks.TaskCanceledException: Reached deadline.
   at Grpc.Core.Channel.WaitForStateChangedAsync(ChannelState lastObservedState, Nullable`1 deadline)
   at Grpc.Core.Channel.ConnectAsync(Nullable`1 deadline)
   at Surging.Apm.Skywalking_V3.Transport.Grpc.ConnectionManager.ConnectAsync() in E:\kayak\src\surging\Surging.Apm\SkyApm_V3\Surging.Apm.Skywalking_V3\Transport\Grpc\ConnectionManager.cs:line 69
2024-08-04 16:20:32.361 +08:00 [My_Service] [Information] Surging.Apm.Skywalking_V3.Transport.Grpc.ConnectionManager : Shutdown connection[localhost:11800].
2024-08-04 16:20:42.366 +08:00 [My_Service] [Error] Surging.Apm.Skywalking_V3.Transport.Grpc.ConnectionManager : Connect server timeout.
System.Threading.Tasks.TaskCanceledException: Reached deadline.
   at Grpc.Core.Channel.WaitForStateChangedAsync(ChannelState lastObservedState, Nullable`1 deadline)
   at Grpc.Core.Channel.ConnectAsync(Nullable`1 deadline)
   at Surging.Apm.Skywalking_V3.Transport.Grpc.ConnectionManager.ConnectAsync() in E:\kayak\src\surging\Surging.Apm\SkyApm_V3\Surging.Apm.Skywalking_V3\Transport\Grpc\ConnectionManager.cs:line 69
2024-08-04 16:20:42.367 +08:00 [My_Service] [Information] Surging.Apm.Skywalking_V3.Transport.Grpc.ConnectionManager : Shutdown connection[localhost:11800].
2024-08-04 16:24:51.100 +08:00 [My_Service] [Information] Surging.Apm.Skywalking_V3.InstrumentStartup : Initializing ...
2024-08-04 16:24:51.112 +08:00 [My_Service] [Information] Surging.Apm.Skywalking_V3.Service.RegisterService : Loaded instrument service [Surging.Apm.Skywalking_V3.Service.RegisterService].
2024-08-04 16:24:51.112 +08:00 [My_Service] [Information] Surging.Apm.Skywalking_V3.Service.PingService : Loaded instrument service [Surging.Apm.Skywalking_V3.Service.PingService].
2024-08-04 16:24:51.112 +08:00 [My_Service] [Information] Surging.Apm.Skywalking_V3.Service.CLRStatsService : Loaded instrument service [Surging.Apm.Skywalking_V3.Service.CLRStatsService].
2024-08-04 16:24:51.112 +08:00 [My_Service] [Information] Surging.Apm.Skywalking_V3.Service.SegmentReportService : Loaded instrument service [Surging.Apm.Skywalking_V3.Service.SegmentReportService].
2024-08-04 16:24:51.112 +08:00 [My_Service] [Information] Surging.Apm.Skywalking_V3.Transport.Grpc.ConnectService : Loaded instrument service [Surging.Apm.Skywalking_V3.Transport.Grpc.ConnectService].
2024-08-04 16:24:51.112 +08:00 [My_Service] [Information] Surging.Apm.Skywalking_V3.Sampling.SimpleCountSamplingInterceptor : Loaded instrument service [Surging.Apm.Skywalking_V3.Sampling.SimpleCountSamplingInterceptor].
2024-08-04 16:24:51.112 +08:00 [My_Service] [Information] Surging.Apm.Skywalking_V3.Transport.Grpc.ConnectService : Loaded instrument service [Surging.Apm.Skywalking_V3.Transport.Grpc.ConnectService].
2024-08-04 16:24:51.113 +08:00 [My_Service] [Information] Surging.Apm.Skywalking_V3.InstrumentStartup : Started SkyAPM .NET Core Agent.
2024-08-04 16:25:01.195 +08:00 [My_Service] [Error] Surging.Apm.Skywalking_V3.Transport.Grpc.ConnectionManager : Connect server timeout.
System.Threading.Tasks.TaskCanceledException: Reached deadline.
   at Grpc.Core.Channel.WaitForStateChangedAsync(ChannelState lastObservedState, Nullable`1 deadline)
   at Grpc.Core.Channel.ConnectAsync(Nullable`1 deadline)
   at Surging.Apm.Skywalking_V3.Transport.Grpc.ConnectionManager.ConnectAsync() in E:\kayak\src\surging\Surging.Apm\SkyApm_V3\Surging.Apm.Skywalking_V3\Transport\Grpc\ConnectionManager.cs:line 69
2024-08-04 16:25:01.199 +08:00 [My_Service] [Information] Surging.Apm.Skywalking_V3.Transport.Grpc.ConnectionManager : Shutdown connection[localhost:11800].
2024-08-04 16:25:11.218 +08:00 [My_Service] [Error] Surging.Apm.Skywalking_V3.Transport.Grpc.ConnectionManager : Connect server timeout.
System.Threading.Tasks.TaskCanceledException: Reached deadline.
   at Grpc.Core.Channel.WaitForStateChangedAsync(ChannelState lastObservedState, Nullable`1 deadline)
   at Grpc.Core.Channel.ConnectAsync(Nullable`1 deadline)
   at Surging.Apm.Skywalking_V3.Transport.Grpc.ConnectionManager.ConnectAsync() in E:\kayak\src\surging\Surging.Apm\SkyApm_V3\Surging.Apm.Skywalking_V3\Transport\Grpc\ConnectionManager.cs:line 69
2024-08-04 16:25:11.222 +08:00 [My_Service] [Information] Surging.Apm.Skywalking_V3.Transport.Grpc.ConnectionManager : Shutdown connection[localhost:11800].
2024-08-04 16:25:21.229 +08:00 [My_Service] [Error] Surging.Apm.Skywalking_V3.Transport.Grpc.ConnectionManager : Connect server timeout.
System.Threading.Tasks.TaskCanceledException: Reached deadline.
   at Grpc.Core.Channel.WaitForStateChangedAsync(ChannelState lastObservedState, Nullable`1 deadline)
   at Grpc.Core.Channel.ConnectAsync(Nullable`1 deadline)
   at Surging.Apm.Skywalking_V3.Transport.Grpc.ConnectionManager.ConnectAsync() in E:\kayak\src\surging\Surging.Apm\SkyApm_V3\Surging.Apm.Skywalking_V3\Transport\Grpc\ConnectionManager.cs:line 69
2024-08-04 16:25:21.231 +08:00 [My_Service] [Information] Surging.Apm.Skywalking_V3.Transport.Grpc.ConnectionManager : Shutdown connection[localhost:11800].
2024-08-04 16:25:31.238 +08:00 [My_Service] [Error] Surging.Apm.Skywalking_V3.Transport.Grpc.ConnectionManager : Connect server timeout.
System.Threading.Tasks.TaskCanceledException: Reached deadline.
   at Grpc.Core.Channel.WaitForStateChangedAsync(ChannelState lastObservedState, Nullable`1 deadline)
   at Grpc.Core.Channel.ConnectAsync(Nullable`1 deadline)
   at Surging.Apm.Skywalking_V3.Transport.Grpc.ConnectionManager.ConnectAsync() in E:\kayak\src\surging\Surging.Apm\SkyApm_V3\Surging.Apm.Skywalking_V3\Transport\Grpc\ConnectionManager.cs:line 69
2024-08-04 16:25:31.240 +08:00 [My_Service] [Information] Surging.Apm.Skywalking_V3.Transport.Grpc.ConnectionManager : Shutdown connection[localhost:11800].
2024-08-04 16:25:41.251 +08:00 [My_Service] [Error] Surging.Apm.Skywalking_V3.Transport.Grpc.ConnectionManager : Connect server timeout.
System.Threading.Tasks.TaskCanceledException: Reached deadline.
   at Grpc.Core.Channel.WaitForStateChangedAsync(ChannelState lastObservedState, Nullable`1 deadline)
   at Grpc.Core.Channel.ConnectAsync(Nullable`1 deadline)
   at Surging.Apm.Skywalking_V3.Transport.Grpc.ConnectionManager.ConnectAsync() in E:\kayak\src\surging\Surging.Apm\SkyApm_V3\Surging.Apm.Skywalking_V3\Transport\Grpc\ConnectionManager.cs:line 69
2024-08-04 16:25:41.254 +08:00 [My_Service] [Information] Surging.Apm.Skywalking_V3.Transport.Grpc.ConnectionManager : Shutdown connection[localhost:11800].
2024-08-04 16:27:37.455 +08:00 [My_Service] [Information] Surging.Apm.Skywalking_V3.InstrumentStartup : Initializing ...
2024-08-04 16:27:37.464 +08:00 [My_Service] [Information] Surging.Apm.Skywalking_V3.Service.RegisterService : Loaded instrument service [Surging.Apm.Skywalking_V3.Service.RegisterService].
2024-08-04 16:27:37.464 +08:00 [My_Service] [Information] Surging.Apm.Skywalking_V3.Service.PingService : Loaded instrument service [Surging.Apm.Skywalking_V3.Service.PingService].
2024-08-04 16:27:37.464 +08:00 [My_Service] [Information] Surging.Apm.Skywalking_V3.Service.CLRStatsService : Loaded instrument service [Surging.Apm.Skywalking_V3.Service.CLRStatsService].
2024-08-04 16:27:37.464 +08:00 [My_Service] [Information] Surging.Apm.Skywalking_V3.Service.SegmentReportService : Loaded instrument service [Surging.Apm.Skywalking_V3.Service.SegmentReportService].
2024-08-04 16:27:37.464 +08:00 [My_Service] [Information] Surging.Apm.Skywalking_V3.Transport.Grpc.ConnectService : Loaded instrument service [Surging.Apm.Skywalking_V3.Transport.Grpc.ConnectService].
2024-08-04 16:27:37.464 +08:00 [My_Service] [Information] Surging.Apm.Skywalking_V3.Sampling.SimpleCountSamplingInterceptor : Loaded instrument service [Surging.Apm.Skywalking_V3.Sampling.SimpleCountSamplingInterceptor].
2024-08-04 16:27:37.464 +08:00 [My_Service] [Information] Surging.Apm.Skywalking_V3.Transport.Grpc.ConnectService : Loaded instrument service [Surging.Apm.Skywalking_V3.Transport.Grpc.ConnectService].
2024-08-04 16:27:37.465 +08:00 [My_Service] [Information] Surging.Apm.Skywalking_V3.InstrumentStartup : Started SkyAPM .NET Core Agent.
2024-08-04 16:29:16.069 +08:00 [My_Service] [Information] Surging.Apm.Skywalking_V3.InstrumentStartup : Initializing ...
2024-08-04 16:29:16.078 +08:00 [My_Service] [Information] Surging.Apm.Skywalking_V3.Service.RegisterService : Loaded instrument service [Surging.Apm.Skywalking_V3.Service.RegisterService].
2024-08-04 16:29:16.078 +08:00 [My_Service] [Information] Surging.Apm.Skywalking_V3.Service.PingService : Loaded instrument service [Surging.Apm.Skywalking_V3.Service.PingService].
2024-08-04 16:29:16.078 +08:00 [My_Service] [Information] Surging.Apm.Skywalking_V3.Service.CLRStatsService : Loaded instrument service [Surging.Apm.Skywalking_V3.Service.CLRStatsService].
2024-08-04 16:29:16.078 +08:00 [My_Service] [Information] Surging.Apm.Skywalking_V3.Service.SegmentReportService : Loaded instrument service [Surging.Apm.Skywalking_V3.Service.SegmentReportService].
2024-08-04 16:29:16.078 +08:00 [My_Service] [Information] Surging.Apm.Skywalking_V3.Transport.Grpc.ConnectService : Loaded instrument service [Surging.Apm.Skywalking_V3.Transport.Grpc.ConnectService].
2024-08-04 16:29:16.078 +08:00 [My_Service] [Information] Surging.Apm.Skywalking_V3.Sampling.SimpleCountSamplingInterceptor : Loaded instrument service [Surging.Apm.Skywalking_V3.Sampling.SimpleCountSamplingInterceptor].
2024-08-04 16:29:16.078 +08:00 [My_Service] [Information] Surging.Apm.Skywalking_V3.Transport.Grpc.ConnectService : Loaded instrument service [Surging.Apm.Skywalking_V3.Transport.Grpc.ConnectService].
2024-08-04 16:29:16.079 +08:00 [My_Service] [Information] Surging.Apm.Skywalking_V3.InstrumentStartup : Started SkyAPM .NET Core Agent.
2024-08-04 16:30:30.775 +08:00 [My_Service] [Information] Surging.Apm.Skywalking_V3.InstrumentStartup : Initializing ...
2024-08-04 16:30:30.784 +08:00 [My_Service] [Information] Surging.Apm.Skywalking_V3.Service.RegisterService : Loaded instrument service [Surging.Apm.Skywalking_V3.Service.RegisterService].
2024-08-04 16:30:30.784 +08:00 [My_Service] [Information] Surging.Apm.Skywalking_V3.Service.PingService : Loaded instrument service [Surging.Apm.Skywalking_V3.Service.PingService].
2024-08-04 16:30:30.784 +08:00 [My_Service] [Information] Surging.Apm.Skywalking_V3.Service.CLRStatsService : Loaded instrument service [Surging.Apm.Skywalking_V3.Service.CLRStatsService].
2024-08-04 16:30:30.784 +08:00 [My_Service] [Information] Surging.Apm.Skywalking_V3.Service.SegmentReportService : Loaded instrument service [Surging.Apm.Skywalking_V3.Service.SegmentReportService].
2024-08-04 16:30:30.784 +08:00 [My_Service] [Information] Surging.Apm.Skywalking_V3.Transport.Grpc.ConnectService : Loaded instrument service [Surging.Apm.Skywalking_V3.Transport.Grpc.ConnectService].
2024-08-04 16:30:30.784 +08:00 [My_Service] [Information] Surging.Apm.Skywalking_V3.Sampling.SimpleCountSamplingInterceptor : Loaded instrument service [Surging.Apm.Skywalking_V3.Sampling.SimpleCountSamplingInterceptor].
2024-08-04 16:30:30.784 +08:00 [My_Service] [Information] Surging.Apm.Skywalking_V3.Transport.Grpc.ConnectService : Loaded instrument service [Surging.Apm.Skywalking_V3.Transport.Grpc.ConnectService].
2024-08-04 16:30:30.784 +08:00 [My_Service] [Information] Surging.Apm.Skywalking_V3.InstrumentStartup : Started SkyAPM .NET Core Agent.
2024-08-04 16:30:31.026 +08:00 [My_Service] [Information] Surging.Apm.Skywalking_V3.Diagnostics.TracingDiagnosticProcessorObserver : Loaded diagnostic listener [SurgingDiagnosticListener].
2024-08-04 16:30:31.026 +08:00 [My_Service] [Information] Surging.Apm.Skywalking_V3.Diagnostics.TracingDiagnosticProcessorObserver : Loaded diagnostic listener [SurgingDiagnosticListener].
2024-08-04 16:30:31.028 +08:00 [My_Service] [Information] Surging.Apm.Skywalking_V3.Diagnostics.TracingDiagnosticProcessorObserver : Loaded diagnostic listener [SurgingDiagnosticListener].
2024-08-04 16:30:33.343 +08:00 [My_Service] [Information] Surging.Apm.Skywalking_V3.Diagnostics.TracingDiagnosticProcessorObserver : Loaded diagnostic listener [SurgingDiagnosticListener].
2024-08-04 16:30:33.343 +08:00 [My_Service] [Information] Surging.Apm.Skywalking_V3.Diagnostics.TracingDiagnosticProcessorObserver : Loaded diagnostic listener [SurgingDiagnosticListener].
2024-08-04 16:30:33.343 +08:00 [My_Service] [Information] Surging.Apm.Skywalking_V3.Diagnostics.TracingDiagnosticProcessorObserver : Loaded diagnostic listener [SurgingDiagnosticListener].
2024-08-04 16:30:33.353 +08:00 [My_Service] [Information] Surging.Apm.Skywalking_V3.Diagnostics.TracingDiagnosticProcessorObserver : Loaded diagnostic listener [SurgingDiagnosticListener].
2024-08-04 16:30:33.353 +08:00 [My_Service] [Information] Surging.Apm.Skywalking_V3.Diagnostics.TracingDiagnosticProcessorObserver : Loaded diagnostic listener [SurgingDiagnosticListener].
2024-08-04 16:30:33.353 +08:00 [My_Service] [Information] Surging.Apm.Skywalking_V3.Diagnostics.TracingDiagnosticProcessorObserver : Loaded diagnostic listener [SurgingDiagnosticListener].
2024-08-04 16:30:40.822 +08:00 [My_Service] [Error] Surging.Apm.Skywalking_V3.Transport.Grpc.ConnectionManager : Connect server timeout.
System.Threading.Tasks.TaskCanceledException: Reached deadline.
   at Grpc.Core.Channel.WaitForStateChangedAsync(ChannelState lastObservedState, Nullable`1 deadline)
   at Grpc.Core.Channel.ConnectAsync(Nullable`1 deadline)
   at Surging.Apm.Skywalking_V3.Transport.Grpc.ConnectionManager.ConnectAsync() in E:\kayak\src\surging\Surging.Apm\SkyApm_V3\Surging.Apm.Skywalking_V3\Transport\Grpc\ConnectionManager.cs:line 69
2024-08-04 16:30:40.824 +08:00 [My_Service] [Information] Surging.Apm.Skywalking_V3.Transport.Grpc.ConnectionManager : Shutdown connection[localhost:11800].
2024-08-04 16:30:50.837 +08:00 [My_Service] [Error] Surging.Apm.Skywalking_V3.Transport.Grpc.ConnectionManager : Connect server timeout.
System.Threading.Tasks.TaskCanceledException: Reached deadline.
   at Grpc.Core.Channel.WaitForStateChangedAsync(ChannelState lastObservedState, Nullable`1 deadline)
   at Grpc.Core.Channel.ConnectAsync(Nullable`1 deadline)
   at Surging.Apm.Skywalking_V3.Transport.Grpc.ConnectionManager.ConnectAsync() in E:\kayak\src\surging\Surging.Apm\SkyApm_V3\Surging.Apm.Skywalking_V3\Transport\Grpc\ConnectionManager.cs:line 69
2024-08-04 16:30:50.838 +08:00 [My_Service] [Information] Surging.Apm.Skywalking_V3.Transport.Grpc.ConnectionManager : Shutdown connection[localhost:11800].
2024-08-04 16:31:00.846 +08:00 [My_Service] [Error] Surging.Apm.Skywalking_V3.Transport.Grpc.ConnectionManager : Connect server timeout.
System.Threading.Tasks.TaskCanceledException: Reached deadline.
   at Grpc.Core.Channel.WaitForStateChangedAsync(ChannelState lastObservedState, Nullable`1 deadline)
   at Grpc.Core.Channel.ConnectAsync(Nullable`1 deadline)
   at Surging.Apm.Skywalking_V3.Transport.Grpc.ConnectionManager.ConnectAsync() in E:\kayak\src\surging\Surging.Apm\SkyApm_V3\Surging.Apm.Skywalking_V3\Transport\Grpc\ConnectionManager.cs:line 69
2024-08-04 16:31:00.847 +08:00 [My_Service] [Information] Surging.Apm.Skywalking_V3.Transport.Grpc.ConnectionManager : Shutdown connection[localhost:11800].
2024-08-04 16:31:10.857 +08:00 [My_Service] [Error] Surging.Apm.Skywalking_V3.Transport.Grpc.ConnectionManager : Connect server timeout.
System.Threading.Tasks.TaskCanceledException: Reached deadline.
   at Grpc.Core.Channel.WaitForStateChangedAsync(ChannelState lastObservedState, Nullable`1 deadline)
   at Grpc.Core.Channel.ConnectAsync(Nullable`1 deadline)
   at Surging.Apm.Skywalking_V3.Transport.Grpc.ConnectionManager.ConnectAsync() in E:\kayak\src\surging\Surging.Apm\SkyApm_V3\Surging.Apm.Skywalking_V3\Transport\Grpc\ConnectionManager.cs:line 69
2024-08-04 16:31:10.858 +08:00 [My_Service] [Information] Surging.Apm.Skywalking_V3.Transport.Grpc.ConnectionManager : Shutdown connection[localhost:11800].
2024-08-04 21:14:22.197 +08:00 [My_Service] [Information] Surging.Apm.Skywalking_V3.InstrumentStartup : Initializing ...
2024-08-04 21:14:22.209 +08:00 [My_Service] [Information] Surging.Apm.Skywalking_V3.Service.RegisterService : Loaded instrument service [Surging.Apm.Skywalking_V3.Service.RegisterService].
2024-08-04 21:14:22.209 +08:00 [My_Service] [Information] Surging.Apm.Skywalking_V3.Service.PingService : Loaded instrument service [Surging.Apm.Skywalking_V3.Service.PingService].
2024-08-04 21:14:22.210 +08:00 [My_Service] [Information] Surging.Apm.Skywalking_V3.Service.CLRStatsService : Loaded instrument service [Surging.Apm.Skywalking_V3.Service.CLRStatsService].
2024-08-04 21:14:22.210 +08:00 [My_Service] [Information] Surging.Apm.Skywalking_V3.Service.SegmentReportService : Loaded instrument service [Surging.Apm.Skywalking_V3.Service.SegmentReportService].
2024-08-04 21:14:22.210 +08:00 [My_Service] [Information] Surging.Apm.Skywalking_V3.Transport.Grpc.ConnectService : Loaded instrument service [Surging.Apm.Skywalking_V3.Transport.Grpc.ConnectService].
2024-08-04 21:14:22.210 +08:00 [My_Service] [Information] Surging.Apm.Skywalking_V3.Sampling.SimpleCountSamplingInterceptor : Loaded instrument service [Surging.Apm.Skywalking_V3.Sampling.SimpleCountSamplingInterceptor].
2024-08-04 21:14:22.210 +08:00 [My_Service] [Information] Surging.Apm.Skywalking_V3.Transport.Grpc.ConnectService : Loaded instrument service [Surging.Apm.Skywalking_V3.Transport.Grpc.ConnectService].
2024-08-04 21:14:22.210 +08:00 [My_Service] [Information] Surging.Apm.Skywalking_V3.InstrumentStartup : Started SkyAPM .NET Core Agent.
2024-08-04 21:14:22.579 +08:00 [My_Service] [Information] Surging.Apm.Skywalking_V3.Diagnostics.TracingDiagnosticProcessorObserver : Loaded diagnostic listener [SurgingDiagnosticListener].
2024-08-04 21:14:22.581 +08:00 [My_Service] [Information] Surging.Apm.Skywalking_V3.Diagnostics.TracingDiagnosticProcessorObserver : Loaded diagnostic listener [SurgingDiagnosticListener].
2024-08-04 21:14:22.581 +08:00 [My_Service] [Information] Surging.Apm.Skywalking_V3.Diagnostics.TracingDiagnosticProcessorObserver : Loaded diagnostic listener [SurgingDiagnosticListener].
2024-08-04 21:14:24.510 +08:00 [My_Service] [Information] Surging.Apm.Skywalking_V3.Diagnostics.TracingDiagnosticProcessorObserver : Loaded diagnostic listener [SurgingDiagnosticListener].
2024-08-04 21:14:24.510 +08:00 [My_Service] [Information] Surging.Apm.Skywalking_V3.Diagnostics.TracingDiagnosticProcessorObserver : Loaded diagnostic listener [SurgingDiagnosticListener].
2024-08-04 21:14:24.510 +08:00 [My_Service] [Information] Surging.Apm.Skywalking_V3.Diagnostics.TracingDiagnosticProcessorObserver : Loaded diagnostic listener [SurgingDiagnosticListener].
2024-08-04 21:14:24.520 +08:00 [My_Service] [Information] Surging.Apm.Skywalking_V3.Diagnostics.TracingDiagnosticProcessorObserver : Loaded diagnostic listener [SurgingDiagnosticListener].
2024-08-04 21:14:24.520 +08:00 [My_Service] [Information] Surging.Apm.Skywalking_V3.Diagnostics.TracingDiagnosticProcessorObserver : Loaded diagnostic listener [SurgingDiagnosticListener].
2024-08-04 21:14:24.520 +08:00 [My_Service] [Information] Surging.Apm.Skywalking_V3.Diagnostics.TracingDiagnosticProcessorObserver : Loaded diagnostic listener [SurgingDiagnosticListener].
2024-08-04 21:14:32.349 +08:00 [My_Service] [Error] Surging.Apm.Skywalking_V3.Transport.Grpc.ConnectionManager : Connect server timeout.
System.Threading.Tasks.TaskCanceledException: Reached deadline.
   at Grpc.Core.Channel.WaitForStateChangedAsync(ChannelState lastObservedState, Nullable`1 deadline)
   at Grpc.Core.Channel.ConnectAsync(Nullable`1 deadline)
   at Surging.Apm.Skywalking_V3.Transport.Grpc.ConnectionManager.ConnectAsync() in E:\kayak\src\surging\Surging.Apm\SkyApm_V3\Surging.Apm.Skywalking_V3\Transport\Grpc\ConnectionManager.cs:line 69
2024-08-04 21:14:32.353 +08:00 [My_Service] [Information] Surging.Apm.Skywalking_V3.Transport.Grpc.ConnectionManager : Shutdown connection[localhost:11800].
2024-08-04 21:14:42.366 +08:00 [My_Service] [Error] Surging.Apm.Skywalking_V3.Transport.Grpc.ConnectionManager : Connect server timeout.
System.Threading.Tasks.TaskCanceledException: Reached deadline.
   at Grpc.Core.Channel.WaitForStateChangedAsync(ChannelState lastObservedState, Nullable`1 deadline)
   at Grpc.Core.Channel.ConnectAsync(Nullable`1 deadline)
   at Surging.Apm.Skywalking_V3.Transport.Grpc.ConnectionManager.ConnectAsync() in E:\kayak\src\surging\Surging.Apm\SkyApm_V3\Surging.Apm.Skywalking_V3\Transport\Grpc\ConnectionManager.cs:line 69
2024-08-04 21:14:42.367 +08:00 [My_Service] [Information] Surging.Apm.Skywalking_V3.Transport.Grpc.ConnectionManager : Shutdown connection[localhost:11800].
2024-08-04 21:14:52.373 +08:00 [My_Service] [Error] Surging.Apm.Skywalking_V3.Transport.Grpc.ConnectionManager : Connect server timeout.
System.Threading.Tasks.TaskCanceledException: Reached deadline.
   at Grpc.Core.Channel.WaitForStateChangedAsync(ChannelState lastObservedState, Nullable`1 deadline)
   at Grpc.Core.Channel.ConnectAsync(Nullable`1 deadline)
   at Surging.Apm.Skywalking_V3.Transport.Grpc.ConnectionManager.ConnectAsync() in E:\kayak\src\surging\Surging.Apm\SkyApm_V3\Surging.Apm.Skywalking_V3\Transport\Grpc\ConnectionManager.cs:line 69
2024-08-04 21:14:52.374 +08:00 [My_Service] [Information] Surging.Apm.Skywalking_V3.Transport.Grpc.ConnectionManager : Shutdown connection[localhost:11800].
